[0.019s] Invoking command in '/RoboSub_2026/build/turtlesim': CMAKE_PREFIX_PATH=/opt/ros/humble /usr/bin/cmake /RoboSub_2026/src/ros_tutorials/turtlesim -DAMENT_CMAKE_SYMLINK_INSTALL=1 -DCMAKE_INSTALL_PREFIX=/RoboSub_2026/install/turtlesim
[0.203s] -- The C compiler identification is GNU 11.4.0
[0.366s] -- The CXX compiler identification is GNU 11.4.0
[0.390s] -- Detecting C compiler ABI info
[0.535s] -- Detecting C compiler ABI info - done
[0.560s] -- Check for working C compiler: /usr/bin/cc - skipped
[0.561s] -- Detecting C compile features
[0.563s] -- Detecting C compile features - done
[0.575s] -- Detecting CXX compiler ABI info
[0.740s] -- Detecting CXX compiler ABI info - done
[0.756s] -- Check for working CXX compiler: /usr/bin/c++ - skipped
[0.756s] -- Detecting CXX compile features
[0.757s] -- Detecting CXX compile features - done
[0.768s] -- Found ament_cmake: 1.3.11 (/opt/ros/humble/share/ament_cmake/cmake)
[1.083s] -- Found Python3: /usr/bin/python3 (found version "3.10.12") found components: Interpreter 
[1.228s] -- Override CMake install command with custom implementation using symlinks instead of copying resources
[1.334s] -- Found ament_index_cpp: 1.4.0 (/opt/ros/humble/share/ament_index_cpp/cmake)
[1.342s] -- Found geometry_msgs: 4.8.0 (/opt/ros/humble/share/geometry_msgs/cmake)
[1.435s] -- Found rosidl_generator_c: 3.1.6 (/opt/ros/humble/share/rosidl_generator_c/cmake)
[1.448s] -- Found rosidl_adapter: 3.1.6 (/opt/ros/humble/share/rosidl_adapter/cmake)
[1.467s] -- Found rosidl_generator_cpp: 3.1.6 (/opt/ros/humble/share/rosidl_generator_cpp/cmake)
[1.496s] -- Using all available rosidl_typesupport_c: rosidl_typesupport_fastrtps_c;rosidl_typesupport_introspection_c
[1.532s] -- Using all available rosidl_typesupport_cpp: rosidl_typesupport_fastrtps_cpp;rosidl_typesupport_introspection_cpp
[1.652s] -- Found rclcpp: 16.0.12 (/opt/ros/humble/share/rclcpp/cmake)
[1.734s] -- Found rmw_implementation_cmake: 6.1.2 (/opt/ros/humble/share/rmw_implementation_cmake/cmake)
[1.740s] -- Found rmw_fastrtps_cpp: 6.2.7 (/opt/ros/humble/share/rmw_fastrtps_cpp/cmake)
[1.918s] -- Found OpenSSL: /usr/lib/aarch64-linux-gnu/libcrypto.so (found version "3.0.2")  
[1.981s] -- Found FastRTPS: /opt/ros/humble/include  
[2.062s] -- Using RMW implementation 'rmw_fastrtps_cpp' as default
[2.082s] -- Looking for pthread.h
[2.228s] -- Looking for pthread.h - found
[2.228s] -- Performing Test CMAKE_HAVE_LIBC_PTHREAD
[2.382s] -- Performing Test CMAKE_HAVE_LIBC_PTHREAD - Success
[2.386s] -- Found Threads: TRUE  
[2.523s] -- Found rclcpp_action: 16.0.12 (/opt/ros/humble/share/rclcpp_action/cmake)
[2.603s] -- Found rosidl_default_generators: 1.2.0 (/opt/ros/humble/share/rosidl_default_generators/cmake)
[2.624s] -- Found std_srvs: 4.8.0 (/opt/ros/humble/share/std_srvs/cmake)
[3.304s] -- Found ament_cmake_ros: 0.10.0 (/opt/ros/humble/share/ament_cmake_ros/cmake)
[4.067s] -- Using all available rosidl_typesupport_c: rosidl_typesupport_fastrtps_c;rosidl_typesupport_introspection_c
[4.364s] -- Using all available rosidl_typesupport_cpp: rosidl_typesupport_fastrtps_cpp;rosidl_typesupport_introspection_cpp
[4.417s] -- Found PythonInterp: /usr/bin/python3 (found suitable version "3.10.12", minimum required is "3.6") 
[4.422s] -- Found python_cmake_module: 0.10.0 (/opt/ros/humble/share/python_cmake_module/cmake)
[4.486s] -- Found PythonLibs: /usr/lib/aarch64-linux-gnu/libpython3.10.so (found suitable version "3.10.12", minimum required is "3.5") 
[4.486s] -- Using PYTHON_EXECUTABLE: /usr/bin/python3
[4.486s] -- Using PYTHON_INCLUDE_DIRS: /usr/include/python3.10
[4.486s] -- Using PYTHON_LIBRARIES: /usr/lib/aarch64-linux-gnu/libpython3.10.so
[4.535s] -- Found PythonExtra: .so  
[4.695s] -- Configuring done
[4.828s] -- Generating done
[4.866s] -- Build files have been written to: /RoboSub_2026/build/turtlesim
[4.902s] Invoked command in '/RoboSub_2026/build/turtlesim' returned '0': CMAKE_PREFIX_PATH=/opt/ros/humble /usr/bin/cmake /RoboSub_2026/src/ros_tutorials/turtlesim -DAMENT_CMAKE_SYMLINK_INSTALL=1 -DCMAKE_INSTALL_PREFIX=/RoboSub_2026/install/turtlesim
[4.908s] Invoking command in '/RoboSub_2026/build/turtlesim': CMAKE_PREFIX_PATH=/opt/ros/humble /usr/bin/cmake --build /RoboSub_2026/build/turtlesim -- -j6 -l6
[4.996s] [  1%] [34m[1mGenerating C code for ROS interfaces[0m
[5.014s] [  2%] [34m[1mGenerating C++ code for ROS interfaces[0m
[5.032s] [  2%] Built target ament_cmake_python_symlink_turtlesim
[5.516s] running egg_info
[5.517s] creating turtlesim.egg-info
[5.518s] writing turtlesim.egg-info/PKG-INFO
[5.519s] writing dependency_links to turtlesim.egg-info/dependency_links.txt
[5.519s] writing top-level names to turtlesim.egg-info/top_level.txt
[5.519s] writing manifest file 'turtlesim.egg-info/SOURCES.txt'
[5.523s] reading manifest file 'turtlesim.egg-info/SOURCES.txt'
[5.524s] writing manifest file 'turtlesim.egg-info/SOURCES.txt'
[5.591s] [  2%] Built target ament_cmake_python_build_turtlesim_egg
[7.033s] [  2%] Built target turtlesim__cpp
[7.054s] [  4%] [34m[1mGenerating C++ type support for eProsima Fast-RTPS[0m
[7.054s] [  4%] [34m[1mGenerating C++ type support dispatch for ROS interfaces[0m
[7.058s] [  5%] [34m[1mGenerating C++ introspection for ROS interfaces[0m
[7.089s] [  7%] [32mBuilding C object CMakeFiles/turtlesim__rosidl_generator_c.dir/rosidl_generator_c/turtlesim/msg/detail/color__functions.c.o[0m
[7.090s] [  7%] [32mBuilding C object CMakeFiles/turtlesim__rosidl_generator_c.dir/rosidl_generator_c/turtlesim/action/detail/rotate_absolute__functions.c.o[0m
[7.092s] [  8%] [32mBuilding C object CMakeFiles/turtlesim__rosidl_generator_c.dir/rosidl_generator_c/turtlesim/msg/detail/pose__functions.c.o[0m
[7.230s] [ 10%] [32mBuilding C object CMakeFiles/turtlesim__rosidl_generator_c.dir/rosidl_generator_c/turtlesim/srv/detail/kill__functions.c.o[0m
[7.230s] [ 10%] [32mBuilding C object CMakeFiles/turtlesim__rosidl_generator_c.dir/rosidl_generator_c/turtlesim/srv/detail/set_pen__functions.c.o[0m
[7.367s] [ 11%] [32mBuilding C object CMakeFiles/turtlesim__rosidl_generator_c.dir/rosidl_generator_c/turtlesim/srv/detail/spawn__functions.c.o[0m
[7.371s] [ 12%] [32mBuilding C object CMakeFiles/turtlesim__rosidl_generator_c.dir/rosidl_generator_c/turtlesim/srv/detail/teleport_absolute__functions.c.o[0m
[7.410s] [ 13%] [32mBuilding C object CMakeFiles/turtlesim__rosidl_generator_c.dir/rosidl_generator_c/turtlesim/srv/detail/teleport_relative__functions.c.o[0m
[7.562s] [ 14%] [32m[1mLinking C shared library libturtlesim__rosidl_generator_c.so[0m
[7.647s] [ 14%] Built target turtlesim__rosidl_generator_c
[7.672s] [ 15%] [34m[1mGenerating C type support for eProsima Fast-RTPS[0m
[7.676s] [ 16%] [34m[1mGenerating C introspection for ROS interfaces[0m
[7.676s] [ 17%] [34m[1mGenerating C type support dispatch for ROS interfaces[0m
[8.348s] [ 18%] [32mBuilding CXX object CMakeFiles/turtlesim__rosidl_typesupport_cpp.dir/rosidl_typesupport_cpp/turtlesim/action/rotate_absolute__type_support.cpp.o[0m
[8.638s] [ 19%] [32mBuilding CXX object CMakeFiles/turtlesim__rosidl_typesupport_introspection_cpp.dir/rosidl_typesupport_introspection_cpp/turtlesim/action/detail/rotate_absolute__type_support.cpp.o[0m
[8.923s] [ 20%] [32mBuilding CXX object CMakeFiles/turtlesim__rosidl_typesupport_c.dir/rosidl_typesupport_c/turtlesim/action/rotate_absolute__type_support.cpp.o[0m
[9.023s] [ 21%] [32mBuilding CXX object CMakeFiles/turtlesim__rosidl_typesupport_fastrtps_cpp.dir/rosidl_typesupport_fastrtps_cpp/turtlesim/action/detail/dds_fastrtps/rotate_absolute__type_support.cpp.o[0m
[9.067s] [ 22%] [32mBuilding CXX object CMakeFiles/turtlesim__rosidl_typesupport_c.dir/rosidl_typesupport_c/turtlesim/msg/color__type_support.cpp.o[0m
[9.142s] [ 23%] [32mBuilding CXX object CMakeFiles/turtlesim__rosidl_typesupport_c.dir/rosidl_typesupport_c/turtlesim/msg/pose__type_support.cpp.o[0m
[9.235s] [ 24%] [32mBuilding CXX object CMakeFiles/turtlesim__rosidl_typesupport_c.dir/rosidl_typesupport_c/turtlesim/srv/kill__type_support.cpp.o[0m
[9.314s] [ 25%] [32mBuilding CXX object CMakeFiles/turtlesim__rosidl_typesupport_c.dir/rosidl_typesupport_c/turtlesim/srv/set_pen__type_support.cpp.o[0m
[9.384s] [ 26%] [32mBuilding CXX object CMakeFiles/turtlesim__rosidl_typesupport_c.dir/rosidl_typesupport_c/turtlesim/srv/spawn__type_support.cpp.o[0m
[9.466s] [ 27%] [32mBuilding CXX object CMakeFiles/turtlesim__rosidl_typesupport_c.dir/rosidl_typesupport_c/turtlesim/srv/teleport_absolute__type_support.cpp.o[0m
[9.524s] [ 28%] [32mBuilding CXX object CMakeFiles/turtlesim__rosidl_typesupport_fastrtps_c.dir/rosidl_typesupport_fastrtps_c/turtlesim/action/detail/rotate_absolute__type_support_c.cpp.o[0m
[9.531s] [ 29%] [32mBuilding CXX object CMakeFiles/turtlesim__rosidl_typesupport_cpp.dir/rosidl_typesupport_cpp/turtlesim/msg/color__type_support.cpp.o[0m
[9.540s] [ 30%] [32mBuilding CXX object CMakeFiles/turtlesim__rosidl_typesupport_c.dir/rosidl_typesupport_c/turtlesim/srv/teleport_relative__type_support.cpp.o[0m
[9.542s] [ 31%] [32mBuilding C object CMakeFiles/turtlesim__rosidl_typesupport_introspection_c.dir/rosidl_typesupport_introspection_c/turtlesim/action/detail/rotate_absolute__type_support.c.o[0m
[9.615s] [ 32%] [32m[1mLinking CXX shared library libturtlesim__rosidl_typesupport_c.so[0m
[9.665s] [ 33%] [32mBuilding C object CMakeFiles/turtlesim__rosidl_typesupport_introspection_c.dir/rosidl_typesupport_introspection_c/turtlesim/msg/detail/color__type_support.c.o[0m
[9.755s] [ 33%] Built target turtlesim__rosidl_typesupport_c
[9.770s] [ 34%] [32mBuilding C object CMakeFiles/turtlesim__rosidl_typesupport_introspection_c.dir/rosidl_typesupport_introspection_c/turtlesim/msg/detail/pose__type_support.c.o[0m
[9.790s] [ 35%] [32mBuilding CXX object CMakeFiles/turtlesim__rosidl_typesupport_fastrtps_cpp.dir/rosidl_typesupport_fastrtps_cpp/turtlesim/msg/detail/dds_fastrtps/color__type_support.cpp.o[0m
[9.864s] [ 36%] [32mBuilding C object CMakeFiles/turtlesim__rosidl_typesupport_introspection_c.dir/rosidl_typesupport_introspection_c/turtlesim/srv/detail/kill__type_support.c.o[0m
[9.951s] [ 37%] [32mBuilding C object CMakeFiles/turtlesim__rosidl_typesupport_introspection_c.dir/rosidl_typesupport_introspection_c/turtlesim/srv/detail/set_pen__type_support.c.o[0m
[10.013s] [ 38%] [32mBuilding CXX object CMakeFiles/turtlesim__rosidl_typesupport_introspection_cpp.dir/rosidl_typesupport_introspection_cpp/turtlesim/msg/detail/color__type_support.cpp.o[0m
[10.036s] [ 39%] [32mBuilding C object CMakeFiles/turtlesim__rosidl_typesupport_introspection_c.dir/rosidl_typesupport_introspection_c/turtlesim/srv/detail/spawn__type_support.c.o[0m
[10.118s] [ 40%] [32mBuilding C object CMakeFiles/turtlesim__rosidl_typesupport_introspection_c.dir/rosidl_typesupport_introspection_c/turtlesim/srv/detail/teleport_absolute__type_support.c.o[0m
[10.201s] [ 41%] [32mBuilding C object CMakeFiles/turtlesim__rosidl_typesupport_introspection_c.dir/rosidl_typesupport_introspection_c/turtlesim/srv/detail/teleport_relative__type_support.c.o[0m
[10.230s] [ 42%] [32mBuilding CXX object CMakeFiles/turtlesim__rosidl_typesupport_cpp.dir/rosidl_typesupport_cpp/turtlesim/msg/pose__type_support.cpp.o[0m
[10.305s] [ 43%] [32m[1mLinking C shared library libturtlesim__rosidl_typesupport_introspection_c.so[0m
[10.390s] [ 43%] Built target turtlesim__rosidl_typesupport_introspection_c
[10.410s] [ 44%] [32mBuilding CXX object CMakeFiles/turtlesim__rosidl_typesupport_fastrtps_cpp.dir/rosidl_typesupport_fastrtps_cpp/turtlesim/msg/detail/dds_fastrtps/pose__type_support.cpp.o[0m
[10.507s] [ 45%] [32mBuilding CXX object CMakeFiles/turtlesim__rosidl_typesupport_fastrtps_cpp.dir/rosidl_typesupport_fastrtps_cpp/turtlesim/srv/detail/dds_fastrtps/kill__type_support.cpp.o[0m
[10.529s] [ 46%] [32mBuilding CXX object CMakeFiles/turtlesim__rosidl_typesupport_fastrtps_c.dir/rosidl_typesupport_fastrtps_c/turtlesim/msg/detail/color__type_support_c.cpp.o[0m
[10.758s] [ 47%] [32mBuilding CXX object CMakeFiles/turtlesim__rosidl_typesupport_fastrtps_cpp.dir/rosidl_typesupport_fastrtps_cpp/turtlesim/srv/detail/dds_fastrtps/set_pen__type_support.cpp.o[0m
[10.870s] [ 48%] [32mBuilding CXX object CMakeFiles/turtlesim__rosidl_typesupport_cpp.dir/rosidl_typesupport_cpp/turtlesim/srv/kill__type_support.cpp.o[0m
[10.895s] [ 49%] [32mBuilding CXX object CMakeFiles/turtlesim__rosidl_typesupport_introspection_cpp.dir/rosidl_typesupport_introspection_cpp/turtlesim/msg/detail/pose__type_support.cpp.o[0m
[11.381s] [ 50%] [32mBuilding CXX object CMakeFiles/turtlesim__rosidl_typesupport_fastrtps_c.dir/rosidl_typesupport_fastrtps_c/turtlesim/msg/detail/pose__type_support_c.cpp.o[0m
[11.392s] [ 51%] [32mBuilding CXX object CMakeFiles/turtlesim__rosidl_typesupport_fastrtps_cpp.dir/rosidl_typesupport_fastrtps_cpp/turtlesim/srv/detail/dds_fastrtps/spawn__type_support.cpp.o[0m
[11.529s] [ 52%] [32mBuilding CXX object CMakeFiles/turtlesim__rosidl_typesupport_cpp.dir/rosidl_typesupport_cpp/turtlesim/srv/set_pen__type_support.cpp.o[0m
[11.733s] [ 53%] [32mBuilding CXX object CMakeFiles/turtlesim__rosidl_typesupport_fastrtps_cpp.dir/rosidl_typesupport_fastrtps_cpp/turtlesim/srv/detail/dds_fastrtps/teleport_absolute__type_support.cpp.o[0m
[11.764s] [ 54%] [32mBuilding CXX object CMakeFiles/turtlesim__rosidl_typesupport_fastrtps_cpp.dir/rosidl_typesupport_fastrtps_cpp/turtlesim/srv/detail/dds_fastrtps/teleport_relative__type_support.cpp.o[0m
[11.800s] [ 55%] [32mBuilding CXX object CMakeFiles/turtlesim__rosidl_typesupport_introspection_cpp.dir/rosidl_typesupport_introspection_cpp/turtlesim/srv/detail/kill__type_support.cpp.o[0m
[12.143s] [ 56%] [32mBuilding CXX object CMakeFiles/turtlesim__rosidl_typesupport_cpp.dir/rosidl_typesupport_cpp/turtlesim/srv/spawn__type_support.cpp.o[0m
[12.221s] [ 57%] [32mBuilding CXX object CMakeFiles/turtlesim__rosidl_typesupport_fastrtps_c.dir/rosidl_typesupport_fastrtps_c/turtlesim/srv/detail/kill__type_support_c.cpp.o[0m
[12.430s] [ 58%] [32mBuilding CXX object CMakeFiles/turtlesim__rosidl_typesupport_introspection_cpp.dir/rosidl_typesupport_introspection_cpp/turtlesim/srv/detail/set_pen__type_support.cpp.o[0m
[12.677s] [ 59%] [32mBuilding CXX object CMakeFiles/turtlesim__rosidl_typesupport_introspection_cpp.dir/rosidl_typesupport_introspection_cpp/turtlesim/srv/detail/spawn__type_support.cpp.o[0m
[12.778s] [ 60%] [32mBuilding CXX object CMakeFiles/turtlesim__rosidl_typesupport_cpp.dir/rosidl_typesupport_cpp/turtlesim/srv/teleport_absolute__type_support.cpp.o[0m
[12.791s] [ 61%] [32mBuilding CXX object CMakeFiles/turtlesim__rosidl_typesupport_introspection_cpp.dir/rosidl_typesupport_introspection_cpp/turtlesim/srv/detail/teleport_absolute__type_support.cpp.o[0m
[12.799s] [ 62%] [32m[1mLinking CXX shared library libturtlesim__rosidl_typesupport_fastrtps_cpp.so[0m
[13.000s] [ 62%] Built target turtlesim__rosidl_typesupport_fastrtps_cpp
[13.022s] [ 63%] [32mBuilding CXX object CMakeFiles/turtlesim__rosidl_typesupport_introspection_cpp.dir/rosidl_typesupport_introspection_cpp/turtlesim/srv/detail/teleport_relative__type_support.cpp.o[0m
[13.100s] [ 64%] [32mBuilding CXX object CMakeFiles/turtlesim__rosidl_typesupport_fastrtps_c.dir/rosidl_typesupport_fastrtps_c/turtlesim/srv/detail/set_pen__type_support_c.cpp.o[0m
[13.387s] [ 65%] [32mBuilding CXX object CMakeFiles/turtlesim__rosidl_typesupport_fastrtps_c.dir/rosidl_typesupport_fastrtps_c/turtlesim/srv/detail/spawn__type_support_c.cpp.o[0m
[13.451s] [ 66%] [32mBuilding CXX object CMakeFiles/turtlesim__rosidl_typesupport_cpp.dir/rosidl_typesupport_cpp/turtlesim/srv/teleport_relative__type_support.cpp.o[0m
[13.548s] [ 67%] [32mBuilding CXX object CMakeFiles/turtlesim__rosidl_typesupport_fastrtps_c.dir/rosidl_typesupport_fastrtps_c/turtlesim/srv/detail/teleport_absolute__type_support_c.cpp.o[0m
[13.782s] [ 68%] [32mBuilding CXX object CMakeFiles/turtlesim__rosidl_typesupport_fastrtps_c.dir/rosidl_typesupport_fastrtps_c/turtlesim/srv/detail/teleport_relative__type_support_c.cpp.o[0m
[13.928s] [ 69%] [32m[1mLinking CXX shared library libturtlesim__rosidl_typesupport_introspection_cpp.so[0m
[14.100s] [ 69%] Built target turtlesim__rosidl_typesupport_introspection_cpp
[14.111s] [ 70%] [32m[1mLinking CXX shared library libturtlesim__rosidl_typesupport_cpp.so[0m
[14.200s] [ 70%] Built target turtlesim__rosidl_typesupport_cpp
[14.230s] [ 71%] [34m[1mGenerating include/turtlesim/moc_turtle_frame.cpp[0m
[14.244s] [ 72%] [32mBuilding CXX object CMakeFiles/turtle_teleop_key.dir/tutorials/teleop_turtle_key.cpp.o[0m
[14.251s] [ 73%] [32mBuilding CXX object CMakeFiles/draw_square.dir/tutorials/draw_square.cpp.o[0m
[14.305s] [ 74%] [32mBuilding CXX object CMakeFiles/mimic.dir/tutorials/mimic.cpp.o[0m
[14.407s] [ 75%] [32mBuilding CXX object CMakeFiles/turtlesim_node.dir/src/turtle.cpp.o[0m
[14.411s] [ 76%] [32mBuilding CXX object CMakeFiles/turtlesim_node.dir/src/turtlesim.cpp.o[0m
[14.608s] [ 77%] [32m[1mLinking CXX shared library libturtlesim__rosidl_typesupport_fastrtps_c.so[0m
[14.850s] [ 77%] Built target turtlesim__rosidl_typesupport_fastrtps_c
[14.872s] [ 78%] [32mBuilding CXX object CMakeFiles/turtlesim_node.dir/src/turtle_frame.cpp.o[0m
[25.798s] [ 79%] [32mBuilding CXX object CMakeFiles/turtlesim_node.dir/include/turtlesim/moc_turtle_frame.cpp.o[0m
[30.979s] [ 80%] [32m[1mLinking CXX executable turtle_teleop_key[0m
[31.828s] [ 80%] Built target turtle_teleop_key
[31.875s] [ 80%] Built target turtlesim
[31.921s] [ 81%] [34m[1mGenerating Python code for ROS interfaces[0m
[36.393s] [ 81%] Built target turtlesim__py
[36.441s] [ 82%] [32mBuilding C object CMakeFiles/turtlesim__rosidl_generator_py.dir/rosidl_generator_py/turtlesim/action/_rotate_absolute_s.c.o[0m
[36.839s] [ 83%] [32mBuilding C object CMakeFiles/turtlesim__rosidl_generator_py.dir/rosidl_generator_py/turtlesim/msg/_color_s.c.o[0m
[36.845s] [ 84%] [32mBuilding C object CMakeFiles/turtlesim__rosidl_generator_py.dir/rosidl_generator_py/turtlesim/msg/_pose_s.c.o[0m
[37.084s] [ 85%] [32mBuilding C object CMakeFiles/turtlesim__rosidl_generator_py.dir/rosidl_generator_py/turtlesim/srv/_kill_s.c.o[0m
[37.093s] [ 86%] [32mBuilding C object CMakeFiles/turtlesim__rosidl_generator_py.dir/rosidl_generator_py/turtlesim/srv/_set_pen_s.c.o[0m
[37.328s] [ 87%] [32mBuilding C object CMakeFiles/turtlesim__rosidl_generator_py.dir/rosidl_generator_py/turtlesim/srv/_spawn_s.c.o[0m
[37.351s] [ 88%] [32mBuilding C object CMakeFiles/turtlesim__rosidl_generator_py.dir/rosidl_generator_py/turtlesim/srv/_teleport_absolute_s.c.o[0m
[37.572s] [ 89%] [32mBuilding C object CMakeFiles/turtlesim__rosidl_generator_py.dir/rosidl_generator_py/turtlesim/srv/_teleport_relative_s.c.o[0m
[37.807s] [ 90%] [32m[1mLinking C shared library rosidl_generator_py/turtlesim/libturtlesim__rosidl_generator_py.so[0m
[37.925s] [ 90%] Built target turtlesim__rosidl_generator_py
[37.946s] [ 91%] [32m[1mLinking CXX executable mimic[0m
[37.954s] [ 92%] [32m[1mLinking CXX executable draw_square[0m
[37.965s] [ 94%] [32mBuilding C object CMakeFiles/turtlesim__rosidl_typesupport_introspection_c__pyext.dir/rosidl_generator_py/turtlesim/_turtlesim_s.ep.rosidl_typesupport_introspection_c.c.o[0m
[37.966s] [ 94%] [32mBuilding C object CMakeFiles/turtlesim__rosidl_typesupport_fastrtps_c__pyext.dir/rosidl_generator_py/turtlesim/_turtlesim_s.ep.rosidl_typesupport_fastrtps_c.c.o[0m
[38.370s] [ 95%] [32m[1mLinking C shared library rosidl_generator_py/turtlesim/turtlesim_s__rosidl_typesupport_introspection_c.cpython-310-aarch64-linux-gnu.so[0m
[38.460s] [ 95%] Built target turtlesim__rosidl_typesupport_introspection_c__pyext
[38.518s] [ 96%] [32m[1mLinking C shared library rosidl_generator_py/turtlesim/turtlesim_s__rosidl_typesupport_fastrtps_c.cpython-310-aarch64-linux-gnu.so[0m
[38.520s] [ 97%] [32mBuilding C object CMakeFiles/turtlesim__rosidl_typesupport_c__pyext.dir/rosidl_generator_py/turtlesim/_turtlesim_s.ep.rosidl_typesupport_c.c.o[0m
[38.611s] [ 97%] Built target turtlesim__rosidl_typesupport_fastrtps_c__pyext
[38.954s] [ 98%] [32m[1mLinking C shared library rosidl_generator_py/turtlesim/turtlesim_s__rosidl_typesupport_c.cpython-310-aarch64-linux-gnu.so[0m
[39.044s] [ 98%] Built target turtlesim__rosidl_typesupport_c__pyext
[39.133s] [ 98%] Built target mimic
[39.139s] [ 98%] Built target draw_square
[46.540s] [100%] [32m[1mLinking CXX executable turtlesim_node[0m
[51.405s] [100%] Built target turtlesim_node
[51.435s] Invoked command in '/RoboSub_2026/build/turtlesim' returned '0': CMAKE_PREFIX_PATH=/opt/ros/humble /usr/bin/cmake --build /RoboSub_2026/build/turtlesim -- -j6 -l6
[51.456s] Invoking command in '/RoboSub_2026/build/turtlesim': CMAKE_PREFIX_PATH=/opt/ros/humble /usr/bin/cmake --install /RoboSub_2026/build/turtlesim
[51.472s] -- Install configuration: ""
[51.473s] -- Execute custom install script
[51.474s] -- Symlinking: /RoboSub_2026/install/turtlesim/share/ament_index/resource_index/rosidl_interfaces/turtlesim
[51.494s] -- Symlinking: /RoboSub_2026/install/turtlesim/include/turtlesim/turtlesim/action/detail/rotate_absolute__functions.h
[51.512s] -- Symlinking: /RoboSub_2026/install/turtlesim/include/turtlesim/turtlesim/action/detail/rotate_absolute__struct.h
[51.529s] -- Symlinking: /RoboSub_2026/install/turtlesim/include/turtlesim/turtlesim/action/detail/rotate_absolute__type_support.h
[51.547s] -- Symlinking: /RoboSub_2026/install/turtlesim/include/turtlesim/turtlesim/action/rotate_absolute.h
[51.566s] -- Symlinking: /RoboSub_2026/install/turtlesim/include/turtlesim/turtlesim/msg/color.h
[51.584s] -- Symlinking: /RoboSub_2026/install/turtlesim/include/turtlesim/turtlesim/msg/detail/color__functions.h
[51.602s] -- Symlinking: /RoboSub_2026/install/turtlesim/include/turtlesim/turtlesim/msg/detail/color__struct.h
[51.620s] -- Symlinking: /RoboSub_2026/install/turtlesim/include/turtlesim/turtlesim/msg/detail/color__type_support.h
[51.637s] -- Symlinking: /RoboSub_2026/install/turtlesim/include/turtlesim/turtlesim/msg/detail/pose__functions.h
[51.654s] -- Symlinking: /RoboSub_2026/install/turtlesim/include/turtlesim/turtlesim/msg/detail/pose__struct.h
[51.671s] -- Symlinking: /RoboSub_2026/install/turtlesim/include/turtlesim/turtlesim/msg/detail/pose__type_support.h
[51.689s] -- Symlinking: /RoboSub_2026/install/turtlesim/include/turtlesim/turtlesim/msg/pose.h
[51.707s] -- Symlinking: /RoboSub_2026/install/turtlesim/include/turtlesim/turtlesim/msg/rosidl_generator_c__visibility_control.h
[51.725s] -- Symlinking: /RoboSub_2026/install/turtlesim/include/turtlesim/turtlesim/srv/detail/kill__functions.h
[51.743s] -- Symlinking: /RoboSub_2026/install/turtlesim/include/turtlesim/turtlesim/srv/detail/kill__struct.h
[51.762s] -- Symlinking: /RoboSub_2026/install/turtlesim/include/turtlesim/turtlesim/srv/detail/kill__type_support.h
[51.781s] -- Symlinking: /RoboSub_2026/install/turtlesim/include/turtlesim/turtlesim/srv/detail/set_pen__functions.h
[51.798s] -- Symlinking: /RoboSub_2026/install/turtlesim/include/turtlesim/turtlesim/srv/detail/set_pen__struct.h
[51.816s] -- Symlinking: /RoboSub_2026/install/turtlesim/include/turtlesim/turtlesim/srv/detail/set_pen__type_support.h
[51.834s] -- Symlinking: /RoboSub_2026/install/turtlesim/include/turtlesim/turtlesim/srv/detail/spawn__functions.h
[51.852s] -- Symlinking: /RoboSub_2026/install/turtlesim/include/turtlesim/turtlesim/srv/detail/spawn__struct.h
[51.870s] -- Symlinking: /RoboSub_2026/install/turtlesim/include/turtlesim/turtlesim/srv/detail/spawn__type_support.h
[51.887s] -- Symlinking: /RoboSub_2026/install/turtlesim/include/turtlesim/turtlesim/srv/detail/teleport_absolute__functions.h
[51.905s] -- Symlinking: /RoboSub_2026/install/turtlesim/include/turtlesim/turtlesim/srv/detail/teleport_absolute__struct.h
[51.922s] -- Symlinking: /RoboSub_2026/install/turtlesim/include/turtlesim/turtlesim/srv/detail/teleport_absolute__type_support.h
[51.940s] -- Symlinking: /RoboSub_2026/install/turtlesim/include/turtlesim/turtlesim/srv/detail/teleport_relative__functions.h
[51.958s] -- Symlinking: /RoboSub_2026/install/turtlesim/include/turtlesim/turtlesim/srv/detail/teleport_relative__struct.h
[51.975s] -- Symlinking: /RoboSub_2026/install/turtlesim/include/turtlesim/turtlesim/srv/detail/teleport_relative__type_support.h
[51.995s] -- Symlinking: /RoboSub_2026/install/turtlesim/include/turtlesim/turtlesim/srv/kill.h
[52.014s] -- Symlinking: /RoboSub_2026/install/turtlesim/include/turtlesim/turtlesim/srv/set_pen.h
[52.030s] -- Symlinking: /RoboSub_2026/install/turtlesim/include/turtlesim/turtlesim/srv/spawn.h
[52.047s] -- Symlinking: /RoboSub_2026/install/turtlesim/include/turtlesim/turtlesim/srv/teleport_absolute.h
[52.064s] -- Symlinking: /RoboSub_2026/install/turtlesim/include/turtlesim/turtlesim/srv/teleport_relative.h
[52.081s] -- Symlinking: /RoboSub_2026/install/turtlesim/share/turtlesim/environment/library_path.sh
[52.097s] -- Symlinking: /RoboSub_2026/install/turtlesim/share/turtlesim/environment/library_path.dsv
[52.115s] -- Symlinking: /RoboSub_2026/install/turtlesim/include/turtlesim/turtlesim/action/detail/rotate_absolute__rosidl_typesupport_fastrtps_c.h
[52.132s] -- Symlinking: /RoboSub_2026/install/turtlesim/include/turtlesim/turtlesim/msg/detail/color__rosidl_typesupport_fastrtps_c.h
[52.149s] -- Symlinking: /RoboSub_2026/install/turtlesim/include/turtlesim/turtlesim/msg/detail/pose__rosidl_typesupport_fastrtps_c.h
[52.167s] -- Symlinking: /RoboSub_2026/install/turtlesim/include/turtlesim/turtlesim/msg/rosidl_typesupport_fastrtps_c__visibility_control.h
[52.186s] -- Symlinking: /RoboSub_2026/install/turtlesim/include/turtlesim/turtlesim/srv/detail/kill__rosidl_typesupport_fastrtps_c.h
[52.205s] -- Symlinking: /RoboSub_2026/install/turtlesim/include/turtlesim/turtlesim/srv/detail/set_pen__rosidl_typesupport_fastrtps_c.h
[52.224s] -- Symlinking: /RoboSub_2026/install/turtlesim/include/turtlesim/turtlesim/srv/detail/spawn__rosidl_typesupport_fastrtps_c.h
[52.244s] -- Symlinking: /RoboSub_2026/install/turtlesim/include/turtlesim/turtlesim/srv/detail/teleport_absolute__rosidl_typesupport_fastrtps_c.h
[52.261s] -- Symlinking: /RoboSub_2026/install/turtlesim/include/turtlesim/turtlesim/srv/detail/teleport_relative__rosidl_typesupport_fastrtps_c.h
[52.279s] -- Symlinking: /RoboSub_2026/install/turtlesim/include/turtlesim/turtlesim/action/detail/rotate_absolute__builder.hpp
[52.295s] -- Symlinking: /RoboSub_2026/install/turtlesim/include/turtlesim/turtlesim/action/detail/rotate_absolute__struct.hpp
[52.312s] -- Symlinking: /RoboSub_2026/install/turtlesim/include/turtlesim/turtlesim/action/detail/rotate_absolute__traits.hpp
[52.331s] -- Symlinking: /RoboSub_2026/install/turtlesim/include/turtlesim/turtlesim/action/detail/rotate_absolute__type_support.hpp
[52.348s] -- Symlinking: /RoboSub_2026/install/turtlesim/include/turtlesim/turtlesim/action/rotate_absolute.hpp
[52.366s] -- Symlinking: /RoboSub_2026/install/turtlesim/include/turtlesim/turtlesim/msg/color.hpp
[52.383s] -- Symlinking: /RoboSub_2026/install/turtlesim/include/turtlesim/turtlesim/msg/detail/color__builder.hpp
[52.401s] -- Symlinking: /RoboSub_2026/install/turtlesim/include/turtlesim/turtlesim/msg/detail/color__struct.hpp
[52.418s] -- Symlinking: /RoboSub_2026/install/turtlesim/include/turtlesim/turtlesim/msg/detail/color__traits.hpp
[52.435s] -- Symlinking: /RoboSub_2026/install/turtlesim/include/turtlesim/turtlesim/msg/detail/color__type_support.hpp
[52.452s] -- Symlinking: /RoboSub_2026/install/turtlesim/include/turtlesim/turtlesim/msg/detail/pose__builder.hpp
[52.471s] -- Symlinking: /RoboSub_2026/install/turtlesim/include/turtlesim/turtlesim/msg/detail/pose__struct.hpp
[52.491s] -- Symlinking: /RoboSub_2026/install/turtlesim/include/turtlesim/turtlesim/msg/detail/pose__traits.hpp
[52.508s] -- Symlinking: /RoboSub_2026/install/turtlesim/include/turtlesim/turtlesim/msg/detail/pose__type_support.hpp
[52.526s] -- Symlinking: /RoboSub_2026/install/turtlesim/include/turtlesim/turtlesim/msg/pose.hpp
[52.544s] -- Symlinking: /RoboSub_2026/install/turtlesim/include/turtlesim/turtlesim/msg/rosidl_generator_cpp__visibility_control.hpp
[52.563s] -- Symlinking: /RoboSub_2026/install/turtlesim/include/turtlesim/turtlesim/srv/detail/kill__builder.hpp
[52.580s] -- Symlinking: /RoboSub_2026/install/turtlesim/include/turtlesim/turtlesim/srv/detail/kill__struct.hpp
[52.597s] -- Symlinking: /RoboSub_2026/install/turtlesim/include/turtlesim/turtlesim/srv/detail/kill__traits.hpp
[52.614s] -- Symlinking: /RoboSub_2026/install/turtlesim/include/turtlesim/turtlesim/srv/detail/kill__type_support.hpp
[52.633s] -- Symlinking: /RoboSub_2026/install/turtlesim/include/turtlesim/turtlesim/srv/detail/set_pen__builder.hpp
[52.652s] -- Symlinking: /RoboSub_2026/install/turtlesim/include/turtlesim/turtlesim/srv/detail/set_pen__struct.hpp
[52.670s] -- Symlinking: /RoboSub_2026/install/turtlesim/include/turtlesim/turtlesim/srv/detail/set_pen__traits.hpp
[52.687s] -- Symlinking: /RoboSub_2026/install/turtlesim/include/turtlesim/turtlesim/srv/detail/set_pen__type_support.hpp
[52.704s] -- Symlinking: /RoboSub_2026/install/turtlesim/include/turtlesim/turtlesim/srv/detail/spawn__builder.hpp
[52.722s] -- Symlinking: /RoboSub_2026/install/turtlesim/include/turtlesim/turtlesim/srv/detail/spawn__struct.hpp
[52.742s] -- Symlinking: /RoboSub_2026/install/turtlesim/include/turtlesim/turtlesim/srv/detail/spawn__traits.hpp
[52.762s] -- Symlinking: /RoboSub_2026/install/turtlesim/include/turtlesim/turtlesim/srv/detail/spawn__type_support.hpp
[52.780s] -- Symlinking: /RoboSub_2026/install/turtlesim/include/turtlesim/turtlesim/srv/detail/teleport_absolute__builder.hpp
[52.799s] -- Symlinking: /RoboSub_2026/install/turtlesim/include/turtlesim/turtlesim/srv/detail/teleport_absolute__struct.hpp
[52.819s] -- Symlinking: /RoboSub_2026/install/turtlesim/include/turtlesim/turtlesim/srv/detail/teleport_absolute__traits.hpp
[52.836s] -- Symlinking: /RoboSub_2026/install/turtlesim/include/turtlesim/turtlesim/srv/detail/teleport_absolute__type_support.hpp
[52.853s] -- Symlinking: /RoboSub_2026/install/turtlesim/include/turtlesim/turtlesim/srv/detail/teleport_relative__builder.hpp
[52.871s] -- Symlinking: /RoboSub_2026/install/turtlesim/include/turtlesim/turtlesim/srv/detail/teleport_relative__struct.hpp
[52.889s] -- Symlinking: /RoboSub_2026/install/turtlesim/include/turtlesim/turtlesim/srv/detail/teleport_relative__traits.hpp
[52.906s] -- Symlinking: /RoboSub_2026/install/turtlesim/include/turtlesim/turtlesim/srv/detail/teleport_relative__type_support.hpp
[52.923s] -- Symlinking: /RoboSub_2026/install/turtlesim/include/turtlesim/turtlesim/srv/kill.hpp
[52.943s] -- Symlinking: /RoboSub_2026/install/turtlesim/include/turtlesim/turtlesim/srv/set_pen.hpp
[52.959s] -- Symlinking: /RoboSub_2026/install/turtlesim/include/turtlesim/turtlesim/srv/spawn.hpp
[52.976s] -- Symlinking: /RoboSub_2026/install/turtlesim/include/turtlesim/turtlesim/srv/teleport_absolute.hpp
[52.994s] -- Symlinking: /RoboSub_2026/install/turtlesim/include/turtlesim/turtlesim/srv/teleport_relative.hpp
[53.013s] -- Symlinking: /RoboSub_2026/install/turtlesim/include/turtlesim/turtlesim/action/detail/rotate_absolute__rosidl_typesupport_fastrtps_cpp.hpp
[53.031s] -- Symlinking: /RoboSub_2026/install/turtlesim/include/turtlesim/turtlesim/msg/detail/color__rosidl_typesupport_fastrtps_cpp.hpp
[53.047s] -- Symlinking: /RoboSub_2026/install/turtlesim/include/turtlesim/turtlesim/msg/detail/pose__rosidl_typesupport_fastrtps_cpp.hpp
[53.066s] -- Symlinking: /RoboSub_2026/install/turtlesim/include/turtlesim/turtlesim/msg/rosidl_typesupport_fastrtps_cpp__visibility_control.h
[53.084s] -- Symlinking: /RoboSub_2026/install/turtlesim/include/turtlesim/turtlesim/srv/detail/kill__rosidl_typesupport_fastrtps_cpp.hpp
[53.101s] -- Symlinking: /RoboSub_2026/install/turtlesim/include/turtlesim/turtlesim/srv/detail/set_pen__rosidl_typesupport_fastrtps_cpp.hpp
[53.118s] -- Symlinking: /RoboSub_2026/install/turtlesim/include/turtlesim/turtlesim/srv/detail/spawn__rosidl_typesupport_fastrtps_cpp.hpp
[53.135s] -- Symlinking: /RoboSub_2026/install/turtlesim/include/turtlesim/turtlesim/srv/detail/teleport_absolute__rosidl_typesupport_fastrtps_cpp.hpp
[53.152s] -- Symlinking: /RoboSub_2026/install/turtlesim/include/turtlesim/turtlesim/srv/detail/teleport_relative__rosidl_typesupport_fastrtps_cpp.hpp
[53.171s] -- Symlinking: /RoboSub_2026/install/turtlesim/include/turtlesim/turtlesim/action/detail/rotate_absolute__rosidl_typesupport_introspection_c.h
[53.189s] -- Symlinking: /RoboSub_2026/install/turtlesim/include/turtlesim/turtlesim/msg/detail/color__rosidl_typesupport_introspection_c.h
[53.208s] -- Symlinking: /RoboSub_2026/install/turtlesim/include/turtlesim/turtlesim/msg/detail/pose__rosidl_typesupport_introspection_c.h
[53.227s] -- Symlinking: /RoboSub_2026/install/turtlesim/include/turtlesim/turtlesim/msg/rosidl_typesupport_introspection_c__visibility_control.h
[53.248s] -- Symlinking: /RoboSub_2026/install/turtlesim/include/turtlesim/turtlesim/srv/detail/kill__rosidl_typesupport_introspection_c.h
[53.266s] -- Symlinking: /RoboSub_2026/install/turtlesim/include/turtlesim/turtlesim/srv/detail/set_pen__rosidl_typesupport_introspection_c.h
[53.285s] -- Symlinking: /RoboSub_2026/install/turtlesim/include/turtlesim/turtlesim/srv/detail/spawn__rosidl_typesupport_introspection_c.h
[53.302s] -- Symlinking: /RoboSub_2026/install/turtlesim/include/turtlesim/turtlesim/srv/detail/teleport_absolute__rosidl_typesupport_introspection_c.h
[53.319s] -- Symlinking: /RoboSub_2026/install/turtlesim/include/turtlesim/turtlesim/srv/detail/teleport_relative__rosidl_typesupport_introspection_c.h
[53.337s] -- Symlinking: /RoboSub_2026/install/turtlesim/include/turtlesim/turtlesim/action/detail/rotate_absolute__rosidl_typesupport_introspection_cpp.hpp
[53.356s] -- Symlinking: /RoboSub_2026/install/turtlesim/include/turtlesim/turtlesim/msg/detail/color__rosidl_typesupport_introspection_cpp.hpp
[53.373s] -- Symlinking: /RoboSub_2026/install/turtlesim/include/turtlesim/turtlesim/msg/detail/pose__rosidl_typesupport_introspection_cpp.hpp
[53.393s] -- Symlinking: /RoboSub_2026/install/turtlesim/include/turtlesim/turtlesim/srv/detail/kill__rosidl_typesupport_introspection_cpp.hpp
[53.410s] -- Symlinking: /RoboSub_2026/install/turtlesim/include/turtlesim/turtlesim/srv/detail/set_pen__rosidl_typesupport_introspection_cpp.hpp
[53.429s] -- Symlinking: /RoboSub_2026/install/turtlesim/include/turtlesim/turtlesim/srv/detail/spawn__rosidl_typesupport_introspection_cpp.hpp
[53.447s] -- Symlinking: /RoboSub_2026/install/turtlesim/include/turtlesim/turtlesim/srv/detail/teleport_absolute__rosidl_typesupport_introspection_cpp.hpp
[53.466s] -- Symlinking: /RoboSub_2026/install/turtlesim/include/turtlesim/turtlesim/srv/detail/teleport_relative__rosidl_typesupport_introspection_cpp.hpp
[53.483s] -- Symlinking: /RoboSub_2026/install/turtlesim/share/turtlesim/environment/pythonpath.sh
[53.501s] -- Symlinking: /RoboSub_2026/install/turtlesim/share/turtlesim/environment/pythonpath.dsv
[53.518s] -- Symlinking: /RoboSub_2026/install/turtlesim/local/lib/python3.10/dist-packages/turtlesim-1.4.2-py3.10.egg-info/PKG-INFO
[53.539s] -- Symlinking: /RoboSub_2026/install/turtlesim/local/lib/python3.10/dist-packages/turtlesim-1.4.2-py3.10.egg-info/SOURCES.txt
[53.559s] -- Symlinking: /RoboSub_2026/install/turtlesim/local/lib/python3.10/dist-packages/turtlesim-1.4.2-py3.10.egg-info/dependency_links.txt
[53.576s] -- Symlinking: /RoboSub_2026/install/turtlesim/local/lib/python3.10/dist-packages/turtlesim-1.4.2-py3.10.egg-info/top_level.txt
[53.596s] -- Symlinking: /RoboSub_2026/install/turtlesim/local/lib/python3.10/dist-packages/turtlesim/__init__.py
[53.617s] -- Symlinking: /RoboSub_2026/install/turtlesim/local/lib/python3.10/dist-packages/turtlesim/_turtlesim_s.ep.rosidl_typesupport_c.c
[53.634s] -- Symlinking: /RoboSub_2026/install/turtlesim/local/lib/python3.10/dist-packages/turtlesim/_turtlesim_s.ep.rosidl_typesupport_fastrtps_c.c
[53.651s] -- Symlinking: /RoboSub_2026/install/turtlesim/local/lib/python3.10/dist-packages/turtlesim/_turtlesim_s.ep.rosidl_typesupport_introspection_c.c
[53.670s] -- Symlinking: /RoboSub_2026/install/turtlesim/local/lib/python3.10/dist-packages/turtlesim/action/__init__.py
[53.687s] -- Symlinking: /RoboSub_2026/install/turtlesim/local/lib/python3.10/dist-packages/turtlesim/action/_rotate_absolute.py
[53.704s] -- Symlinking: /RoboSub_2026/install/turtlesim/local/lib/python3.10/dist-packages/turtlesim/action/_rotate_absolute_s.c
[53.721s] -- Symlinking: /RoboSub_2026/install/turtlesim/local/lib/python3.10/dist-packages/turtlesim/libturtlesim__rosidl_generator_py.so
[53.741s] -- Symlinking: /RoboSub_2026/install/turtlesim/local/lib/python3.10/dist-packages/turtlesim/msg/__init__.py
[53.759s] -- Symlinking: /RoboSub_2026/install/turtlesim/local/lib/python3.10/dist-packages/turtlesim/msg/_color.py
[53.777s] -- Symlinking: /RoboSub_2026/install/turtlesim/local/lib/python3.10/dist-packages/turtlesim/msg/_color_s.c
[53.794s] -- Symlinking: /RoboSub_2026/install/turtlesim/local/lib/python3.10/dist-packages/turtlesim/msg/_pose.py
[53.812s] -- Symlinking: /RoboSub_2026/install/turtlesim/local/lib/python3.10/dist-packages/turtlesim/msg/_pose_s.c
[53.829s] -- Symlinking: /RoboSub_2026/install/turtlesim/local/lib/python3.10/dist-packages/turtlesim/srv/__init__.py
[53.846s] -- Symlinking: /RoboSub_2026/install/turtlesim/local/lib/python3.10/dist-packages/turtlesim/srv/_kill.py
[53.864s] -- Symlinking: /RoboSub_2026/install/turtlesim/local/lib/python3.10/dist-packages/turtlesim/srv/_kill_s.c
[53.881s] -- Symlinking: /RoboSub_2026/install/turtlesim/local/lib/python3.10/dist-packages/turtlesim/srv/_set_pen.py
[53.901s] -- Symlinking: /RoboSub_2026/install/turtlesim/local/lib/python3.10/dist-packages/turtlesim/srv/_set_pen_s.c
[53.920s] -- Symlinking: /RoboSub_2026/install/turtlesim/local/lib/python3.10/dist-packages/turtlesim/srv/_spawn.py
[53.937s] -- Symlinking: /RoboSub_2026/install/turtlesim/local/lib/python3.10/dist-packages/turtlesim/srv/_spawn_s.c
[53.955s] -- Symlinking: /RoboSub_2026/install/turtlesim/local/lib/python3.10/dist-packages/turtlesim/srv/_teleport_absolute.py
[53.973s] -- Symlinking: /RoboSub_2026/install/turtlesim/local/lib/python3.10/dist-packages/turtlesim/srv/_teleport_absolute_s.c
[53.990s] -- Symlinking: /RoboSub_2026/install/turtlesim/local/lib/python3.10/dist-packages/turtlesim/srv/_teleport_relative.py
[54.008s] -- Symlinking: /RoboSub_2026/install/turtlesim/local/lib/python3.10/dist-packages/turtlesim/srv/_teleport_relative_s.c
[54.027s] -- Symlinking: /RoboSub_2026/install/turtlesim/local/lib/python3.10/dist-packages/turtlesim/turtlesim_s__rosidl_typesupport_c.cpython-310-aarch64-linux-gnu.so
[54.045s] -- Symlinking: /RoboSub_2026/install/turtlesim/local/lib/python3.10/dist-packages/turtlesim/turtlesim_s__rosidl_typesupport_fastrtps_c.cpython-310-aarch64-linux-gnu.so
[54.063s] -- Symlinking: /RoboSub_2026/install/turtlesim/local/lib/python3.10/dist-packages/turtlesim/turtlesim_s__rosidl_typesupport_introspection_c.cpython-310-aarch64-linux-gnu.so
[54.081s] -- Up-to-date symlink: /RoboSub_2026/install/turtlesim/local/lib/python3.10/dist-packages/turtlesim/turtlesim_s__rosidl_typesupport_fastrtps_c.cpython-310-aarch64-linux-gnu.so
[54.081s] -- Up-to-date symlink: /RoboSub_2026/install/turtlesim/local/lib/python3.10/dist-packages/turtlesim/turtlesim_s__rosidl_typesupport_introspection_c.cpython-310-aarch64-linux-gnu.so
[54.082s] -- Up-to-date symlink: /RoboSub_2026/install/turtlesim/local/lib/python3.10/dist-packages/turtlesim/turtlesim_s__rosidl_typesupport_c.cpython-310-aarch64-linux-gnu.so
[54.083s] -- Symlinking: /RoboSub_2026/install/turtlesim/share/turtlesim/action/RotateAbsolute.idl
[54.102s] -- Symlinking: /RoboSub_2026/install/turtlesim/share/turtlesim/msg/Color.idl
[54.119s] -- Symlinking: /RoboSub_2026/install/turtlesim/share/turtlesim/msg/Pose.idl
[54.136s] -- Symlinking: /RoboSub_2026/install/turtlesim/share/turtlesim/srv/Kill.idl
[54.154s] -- Symlinking: /RoboSub_2026/install/turtlesim/share/turtlesim/srv/SetPen.idl
[54.174s] -- Symlinking: /RoboSub_2026/install/turtlesim/share/turtlesim/srv/Spawn.idl
[54.191s] -- Symlinking: /RoboSub_2026/install/turtlesim/share/turtlesim/srv/TeleportAbsolute.idl
[54.208s] -- Symlinking: /RoboSub_2026/install/turtlesim/share/turtlesim/srv/TeleportRelative.idl
[54.228s] -- Symlinking: /RoboSub_2026/install/turtlesim/share/turtlesim/action/RotateAbsolute.action
[54.245s] -- Symlinking: /RoboSub_2026/install/turtlesim/share/turtlesim/msg/Color.msg
[54.263s] -- Symlinking: /RoboSub_2026/install/turtlesim/share/turtlesim/msg/Pose.msg
[54.281s] -- Symlinking: /RoboSub_2026/install/turtlesim/share/turtlesim/srv/Kill.srv
[54.300s] -- Symlinking: /RoboSub_2026/install/turtlesim/share/turtlesim/srv/Kill_Request.msg
[54.319s] -- Symlinking: /RoboSub_2026/install/turtlesim/share/turtlesim/srv/Kill_Response.msg
[54.339s] -- Symlinking: /RoboSub_2026/install/turtlesim/share/turtlesim/srv/SetPen.srv
[54.356s] -- Symlinking: /RoboSub_2026/install/turtlesim/share/turtlesim/srv/SetPen_Request.msg
[54.374s] -- Symlinking: /RoboSub_2026/install/turtlesim/share/turtlesim/srv/SetPen_Response.msg
[54.391s] -- Symlinking: /RoboSub_2026/install/turtlesim/share/turtlesim/srv/Spawn.srv
[54.411s] -- Symlinking: /RoboSub_2026/install/turtlesim/share/turtlesim/srv/Spawn_Request.msg
[54.429s] -- Symlinking: /RoboSub_2026/install/turtlesim/share/turtlesim/srv/Spawn_Response.msg
[54.446s] -- Symlinking: /RoboSub_2026/install/turtlesim/share/turtlesim/srv/TeleportAbsolute.srv
[54.464s] -- Symlinking: /RoboSub_2026/install/turtlesim/share/turtlesim/srv/TeleportAbsolute_Request.msg
[54.482s] -- Symlinking: /RoboSub_2026/install/turtlesim/share/turtlesim/srv/TeleportAbsolute_Response.msg
[54.499s] -- Symlinking: /RoboSub_2026/install/turtlesim/share/turtlesim/srv/TeleportRelative.srv
[54.516s] -- Symlinking: /RoboSub_2026/install/turtlesim/share/turtlesim/srv/TeleportRelative_Request.msg
[54.534s] -- Symlinking: /RoboSub_2026/install/turtlesim/share/turtlesim/srv/TeleportRelative_Response.msg
[54.552s] -- Symlinking: /RoboSub_2026/install/turtlesim/lib/turtlesim/turtlesim_node
[54.571s] -- Symlinking: /RoboSub_2026/install/turtlesim/lib/turtlesim/turtle_teleop_key
[54.591s] -- Symlinking: /RoboSub_2026/install/turtlesim/lib/turtlesim/draw_square
[54.608s] -- Symlinking: /RoboSub_2026/install/turtlesim/lib/turtlesim/mimic
[54.626s] -- Symlinking: /RoboSub_2026/install/turtlesim/share/turtlesim/launch/multisim.launch.py
[54.644s] -- Symlinking: /RoboSub_2026/install/turtlesim/share/ament_index/resource_index/package_run_dependencies/turtlesim
[54.662s] -- Symlinking: /RoboSub_2026/install/turtlesim/share/ament_index/resource_index/parent_prefix_path/turtlesim
[54.680s] -- Symlinking: /RoboSub_2026/install/turtlesim/share/turtlesim/environment/ament_prefix_path.sh
[54.697s] -- Symlinking: /RoboSub_2026/install/turtlesim/share/turtlesim/environment/ament_prefix_path.dsv
[54.717s] -- Symlinking: /RoboSub_2026/install/turtlesim/share/turtlesim/environment/path.sh
[54.736s] -- Symlinking: /RoboSub_2026/install/turtlesim/share/turtlesim/environment/path.dsv
[54.752s] -- Symlinking: /RoboSub_2026/install/turtlesim/share/turtlesim/local_setup.bash
[54.769s] -- Symlinking: /RoboSub_2026/install/turtlesim/share/turtlesim/local_setup.sh
[54.787s] -- Symlinking: /RoboSub_2026/install/turtlesim/share/turtlesim/local_setup.zsh
[54.805s] -- Symlinking: /RoboSub_2026/install/turtlesim/share/turtlesim/local_setup.dsv
[54.822s] -- Symlinking: /RoboSub_2026/install/turtlesim/share/turtlesim/package.dsv
[54.840s] -- Symlinking: /RoboSub_2026/install/turtlesim/share/ament_index/resource_index/packages/turtlesim
[54.858s] -- Symlinking: /RoboSub_2026/install/turtlesim/share/turtlesim/cmake/rosidl_cmake-extras.cmake
[54.876s] -- Symlinking: /RoboSub_2026/install/turtlesim/share/turtlesim/cmake/ament_cmake_export_dependencies-extras.cmake
[54.894s] -- Symlinking: /RoboSub_2026/install/turtlesim/share/turtlesim/cmake/ament_cmake_export_include_directories-extras.cmake
[54.912s] -- Symlinking: /RoboSub_2026/install/turtlesim/share/turtlesim/cmake/ament_cmake_export_libraries-extras.cmake
[54.948s] -- Symlinking: /RoboSub_2026/install/turtlesim/share/turtlesim/cmake/ament_cmake_export_targets-extras.cmake
[54.970s] -- Symlinking: /RoboSub_2026/install/turtlesim/share/turtlesim/cmake/rosidl_cmake_export_typesupport_targets-extras.cmake
[54.988s] -- Symlinking: /RoboSub_2026/install/turtlesim/share/turtlesim/cmake/rosidl_cmake_export_typesupport_libraries-extras.cmake
[55.007s] -- Symlinking: /RoboSub_2026/install/turtlesim/share/turtlesim/cmake/turtlesimConfig.cmake
[55.024s] -- Symlinking: /RoboSub_2026/install/turtlesim/share/turtlesim/cmake/turtlesimConfig-version.cmake
[55.041s] -- Symlinking: /RoboSub_2026/install/turtlesim/share/turtlesim/package.xml
[55.058s] -- Installing: /RoboSub_2026/install/turtlesim/lib/libturtlesim__rosidl_generator_c.so
[55.060s] -- Set runtime path of "/RoboSub_2026/install/turtlesim/lib/libturtlesim__rosidl_generator_c.so" to ""
[55.060s] -- Installing: /RoboSub_2026/install/turtlesim/lib/libturtlesim__rosidl_typesupport_fastrtps_c.so
[55.061s] -- Set runtime path of "/RoboSub_2026/install/turtlesim/lib/libturtlesim__rosidl_typesupport_fastrtps_c.so" to ""
[55.062s] -- Installing: /RoboSub_2026/install/turtlesim/lib/libturtlesim__rosidl_typesupport_fastrtps_cpp.so
[55.063s] -- Set runtime path of "/RoboSub_2026/install/turtlesim/lib/libturtlesim__rosidl_typesupport_fastrtps_cpp.so" to ""
[55.064s] -- Installing: /RoboSub_2026/install/turtlesim/lib/libturtlesim__rosidl_typesupport_introspection_c.so
[55.065s] -- Set runtime path of "/RoboSub_2026/install/turtlesim/lib/libturtlesim__rosidl_typesupport_introspection_c.so" to ""
[55.065s] -- Installing: /RoboSub_2026/install/turtlesim/lib/libturtlesim__rosidl_typesupport_c.so
[55.066s] -- Set runtime path of "/RoboSub_2026/install/turtlesim/lib/libturtlesim__rosidl_typesupport_c.so" to ""
[55.067s] -- Installing: /RoboSub_2026/install/turtlesim/lib/libturtlesim__rosidl_typesupport_introspection_cpp.so
[55.068s] -- Set runtime path of "/RoboSub_2026/install/turtlesim/lib/libturtlesim__rosidl_typesupport_introspection_cpp.so" to ""
[55.068s] -- Installing: /RoboSub_2026/install/turtlesim/lib/libturtlesim__rosidl_typesupport_cpp.so
[55.070s] -- Set runtime path of "/RoboSub_2026/install/turtlesim/lib/libturtlesim__rosidl_typesupport_cpp.so" to ""
[55.180s] Listing '/RoboSub_2026/install/turtlesim/local/lib/python3.10/dist-packages/turtlesim'...
[55.181s] Compiling '/RoboSub_2026/install/turtlesim/local/lib/python3.10/dist-packages/turtlesim/__init__.py'...
[55.181s] Listing '/RoboSub_2026/install/turtlesim/local/lib/python3.10/dist-packages/turtlesim/action'...
[55.181s] Compiling '/RoboSub_2026/install/turtlesim/local/lib/python3.10/dist-packages/turtlesim/action/__init__.py'...
[55.181s] Compiling '/RoboSub_2026/install/turtlesim/local/lib/python3.10/dist-packages/turtlesim/action/_rotate_absolute.py'...
[55.181s] Listing '/RoboSub_2026/install/turtlesim/local/lib/python3.10/dist-packages/turtlesim/msg'...
[55.181s] Compiling '/RoboSub_2026/install/turtlesim/local/lib/python3.10/dist-packages/turtlesim/msg/__init__.py'...
[55.182s] Compiling '/RoboSub_2026/install/turtlesim/local/lib/python3.10/dist-packages/turtlesim/msg/_color.py'...
[55.182s] Compiling '/RoboSub_2026/install/turtlesim/local/lib/python3.10/dist-packages/turtlesim/msg/_pose.py'...
[55.182s] Listing '/RoboSub_2026/install/turtlesim/local/lib/python3.10/dist-packages/turtlesim/srv'...
[55.182s] Compiling '/RoboSub_2026/install/turtlesim/local/lib/python3.10/dist-packages/turtlesim/srv/__init__.py'...
[55.182s] Compiling '/RoboSub_2026/install/turtlesim/local/lib/python3.10/dist-packages/turtlesim/srv/_kill.py'...
[55.182s] Compiling '/RoboSub_2026/install/turtlesim/local/lib/python3.10/dist-packages/turtlesim/srv/_set_pen.py'...
[55.182s] Compiling '/RoboSub_2026/install/turtlesim/local/lib/python3.10/dist-packages/turtlesim/srv/_spawn.py'...
[55.182s] Compiling '/RoboSub_2026/install/turtlesim/local/lib/python3.10/dist-packages/turtlesim/srv/_teleport_absolute.py'...
[55.182s] Compiling '/RoboSub_2026/install/turtlesim/local/lib/python3.10/dist-packages/turtlesim/srv/_teleport_relative.py'...
[55.192s] -- Installing: /RoboSub_2026/install/turtlesim/lib/libturtlesim__rosidl_generator_py.so
[55.194s] -- Set runtime path of "/RoboSub_2026/install/turtlesim/lib/libturtlesim__rosidl_generator_py.so" to ""
[55.194s] -- Installing: /RoboSub_2026/install/turtlesim/share/turtlesim/images
[55.194s] -- Installing: /RoboSub_2026/install/turtlesim/share/turtlesim/images/bouncy.png
[55.195s] -- Installing: /RoboSub_2026/install/turtlesim/share/turtlesim/images/galactic.png
[55.195s] -- Installing: /RoboSub_2026/install/turtlesim/share/turtlesim/images/rolling.png
[55.195s] -- Installing: /RoboSub_2026/install/turtlesim/share/turtlesim/images/eloquent.png
[55.196s] -- Installing: /RoboSub_2026/install/turtlesim/share/turtlesim/images/humble.png
[55.196s] -- Installing: /RoboSub_2026/install/turtlesim/share/turtlesim/images/crystal.png
[55.197s] -- Installing: /RoboSub_2026/install/turtlesim/share/turtlesim/images/foxy.png
[55.197s] -- Installing: /RoboSub_2026/install/turtlesim/share/turtlesim/images/dashing.png
[55.197s] -- Installing: /RoboSub_2026/install/turtlesim/share/turtlesim/images/ardent.png
[55.198s] -- Installing: /RoboSub_2026/install/turtlesim/share/turtlesim/cmake/export_turtlesim__rosidl_generator_cExport.cmake
[55.199s] -- Installing: /RoboSub_2026/install/turtlesim/share/turtlesim/cmake/export_turtlesim__rosidl_generator_cExport-noconfig.cmake
[55.199s] -- Installing: /RoboSub_2026/install/turtlesim/share/turtlesim/cmake/export_turtlesim__rosidl_typesupport_fastrtps_cExport.cmake
[55.200s] -- Installing: /RoboSub_2026/install/turtlesim/share/turtlesim/cmake/export_turtlesim__rosidl_typesupport_fastrtps_cExport-noconfig.cmake
[55.200s] -- Installing: /RoboSub_2026/install/turtlesim/share/turtlesim/cmake/export_turtlesim__rosidl_generator_cppExport.cmake
[55.200s] -- Installing: /RoboSub_2026/install/turtlesim/share/turtlesim/cmake/export_turtlesim__rosidl_typesupport_fastrtps_cppExport.cmake
[55.201s] -- Installing: /RoboSub_2026/install/turtlesim/share/turtlesim/cmake/export_turtlesim__rosidl_typesupport_fastrtps_cppExport-noconfig.cmake
[55.202s] -- Installing: /RoboSub_2026/install/turtlesim/share/turtlesim/cmake/turtlesim__rosidl_typesupport_introspection_cExport.cmake
[55.202s] -- Installing: /RoboSub_2026/install/turtlesim/share/turtlesim/cmake/turtlesim__rosidl_typesupport_introspection_cExport-noconfig.cmake
[55.203s] -- Installing: /RoboSub_2026/install/turtlesim/share/turtlesim/cmake/turtlesim__rosidl_typesupport_cExport.cmake
[55.203s] -- Installing: /RoboSub_2026/install/turtlesim/share/turtlesim/cmake/turtlesim__rosidl_typesupport_cExport-noconfig.cmake
[55.204s] -- Installing: /RoboSub_2026/install/turtlesim/share/turtlesim/cmake/turtlesim__rosidl_typesupport_introspection_cppExport.cmake
[55.204s] -- Installing: /RoboSub_2026/install/turtlesim/share/turtlesim/cmake/turtlesim__rosidl_typesupport_introspection_cppExport-noconfig.cmake
[55.205s] -- Installing: /RoboSub_2026/install/turtlesim/share/turtlesim/cmake/turtlesim__rosidl_typesupport_cppExport.cmake
[55.205s] -- Installing: /RoboSub_2026/install/turtlesim/share/turtlesim/cmake/turtlesim__rosidl_typesupport_cppExport-noconfig.cmake
[55.206s] -- Installing: /RoboSub_2026/install/turtlesim/share/turtlesim/cmake/export_turtlesim__rosidl_generator_pyExport.cmake
[55.206s] -- Installing: /RoboSub_2026/install/turtlesim/share/turtlesim/cmake/export_turtlesim__rosidl_generator_pyExport-noconfig.cmake
[55.213s] Invoked command in '/RoboSub_2026/build/turtlesim' returned '0': CMAKE_PREFIX_PATH=/opt/ros/humble /usr/bin/cmake --install /RoboSub_2026/build/turtlesim
