[0.026s] Invoking command in '/RoboSub_2026/build/mpu6500_ros': CMAKE_PREFIX_PATH=/opt/ros/humble /usr/bin/cmake --build /RoboSub_2026/build/mpu6500_ros -- -j6 -l6
[0.177s] [100%] Built target mpu6500_publisher
[0.202s] Invoked command in '/RoboSub_2026/build/mpu6500_ros' returned '0': CMAKE_PREFIX_PATH=/opt/ros/humble /usr/bin/cmake --build /RoboSub_2026/build/mpu6500_ros -- -j6 -l6
[0.225s] Invoking command in '/RoboSub_2026/build/mpu6500_ros': CMAKE_PREFIX_PATH=/opt/ros/humble /usr/bin/cmake --install /RoboSub_2026/build/mpu6500_ros
[0.244s] -- Install configuration: ""
[0.246s] -- Up-to-date: /RoboSub_2026/install/mpu6500_ros/lib/mpu6500_ros/mpu6500_publisher
[0.247s] -- Up-to-date: /RoboSub_2026/install/mpu6500_ros/share/mpu6500_ros//launch
[0.247s] -- Up-to-date: /RoboSub_2026/install/mpu6500_ros/share/mpu6500_ros//launch/mpu6500_launch.py
[0.247s] -- Up-to-date: /RoboSub_2026/install/mpu6500_ros/share/mpu6500_ros//launch/mpu6500_with_filter.launch.py
[0.247s] -- Up-to-date: /RoboSub_2026/install/mpu6500_ros/share/ament_index/resource_index/package_run_dependencies/mpu6500_ros
[0.248s] -- Up-to-date: /RoboSub_2026/install/mpu6500_ros/share/ament_index/resource_index/parent_prefix_path/mpu6500_ros
[0.248s] -- Installing: /RoboSub_2026/install/mpu6500_ros/share/mpu6500_ros/environment/ament_prefix_path.sh
[0.248s] -- Up-to-date: /RoboSub_2026/install/mpu6500_ros/share/mpu6500_ros/environment/ament_prefix_path.dsv
[0.249s] -- Installing: /RoboSub_2026/install/mpu6500_ros/share/mpu6500_ros/environment/path.sh
[0.249s] -- Up-to-date: /RoboSub_2026/install/mpu6500_ros/share/mpu6500_ros/environment/path.dsv
[0.249s] -- Up-to-date: /RoboSub_2026/install/mpu6500_ros/share/mpu6500_ros/local_setup.bash
[0.249s] -- Up-to-date: /RoboSub_2026/install/mpu6500_ros/share/mpu6500_ros/local_setup.sh
[0.249s] -- Up-to-date: /RoboSub_2026/install/mpu6500_ros/share/mpu6500_ros/local_setup.zsh
[0.250s] -- Up-to-date: /RoboSub_2026/install/mpu6500_ros/share/mpu6500_ros/local_setup.dsv
[0.250s] -- Installing: /RoboSub_2026/install/mpu6500_ros/share/mpu6500_ros/package.dsv
[0.250s] -- Up-to-date: /RoboSub_2026/install/mpu6500_ros/share/ament_index/resource_index/packages/mpu6500_ros
[0.251s] -- Up-to-date: /RoboSub_2026/install/mpu6500_ros/share/mpu6500_ros/cmake/mpu6500_rosConfig.cmake
[0.251s] -- Up-to-date: /RoboSub_2026/install/mpu6500_ros/share/mpu6500_ros/cmake/mpu6500_rosConfig-version.cmake
[0.251s] -- Up-to-date: /RoboSub_2026/install/mpu6500_ros/share/mpu6500_ros/package.xml
[0.255s] Invoked command in '/RoboSub_2026/build/mpu6500_ros' returned '0': CMAKE_PREFIX_PATH=/opt/ros/humble /usr/bin/cmake --install /RoboSub_2026/build/mpu6500_ros
