[0.020s] Invoking command in '/RoboSub_2026/build/turtlesim': CMAKE_PREFIX_PATH=/opt/ros/humble /usr/bin/cmake /RoboSub_2026/src/ros_tutorials/turtlesim -DCMAKE_INSTALL_PREFIX=/RoboSub_2026/install/turtlesim
[0.055s] -- Found ament_cmake: 1.3.11 (/opt/ros/humble/share/ament_cmake/cmake)
[0.380s] -- Found Python3: /usr/bin/python3 (found version "3.10.12") found components: Interpreter 
[0.612s] -- Found ament_index_cpp: 1.4.0 (/opt/ros/humble/share/ament_index_cpp/cmake)
[0.618s] -- Found geometry_msgs: 4.8.0 (/opt/ros/humble/share/geometry_msgs/cmake)
[0.712s] -- Found rosidl_generator_c: 3.1.6 (/opt/ros/humble/share/rosidl_generator_c/cmake)
[0.723s] -- Found rosidl_adapter: 3.1.6 (/opt/ros/humble/share/rosidl_adapter/cmake)
[0.743s] -- Found rosidl_generator_cpp: 3.1.6 (/opt/ros/humble/share/rosidl_generator_cpp/cmake)
[0.772s] -- Using all available rosidl_typesupport_c: rosidl_typesupport_fastrtps_c;rosidl_typesupport_introspection_c
[0.808s] -- Using all available rosidl_typesupport_cpp: rosidl_typesupport_fastrtps_cpp;rosidl_typesupport_introspection_cpp
[0.925s] -- Found rclcpp: 16.0.12 (/opt/ros/humble/share/rclcpp/cmake)
[1.011s] -- Found rmw_implementation_cmake: 6.1.2 (/opt/ros/humble/share/rmw_implementation_cmake/cmake)
[1.018s] -- Found rmw_fastrtps_cpp: 6.2.7 (/opt/ros/humble/share/rmw_fastrtps_cpp/cmake)
[1.195s] -- Found OpenSSL: /usr/lib/aarch64-linux-gnu/libcrypto.so (found version "3.0.2")  
[1.251s] -- Found FastRTPS: /opt/ros/humble/include  
[1.334s] -- Using RMW implementation 'rmw_fastrtps_cpp' as default
[1.355s] -- Looking for pthread.h
[1.506s] -- Looking for pthread.h - found
[1.508s] -- Performing Test CMAKE_HAVE_LIBC_PTHREAD
[1.668s] -- Performing Test CMAKE_HAVE_LIBC_PTHREAD - Success
[1.672s] -- Found Threads: TRUE  
[1.813s] -- Found rclcpp_action: 16.0.12 (/opt/ros/humble/share/rclcpp_action/cmake)
[1.896s] -- Found rosidl_default_generators: 1.2.0 (/opt/ros/humble/share/rosidl_default_generators/cmake)
[1.918s] -- Found std_srvs: 4.8.0 (/opt/ros/humble/share/std_srvs/cmake)
[2.609s] -- Found ament_cmake_ros: 0.10.0 (/opt/ros/humble/share/ament_cmake_ros/cmake)
[3.357s] -- Using all available rosidl_typesupport_c: rosidl_typesupport_fastrtps_c;rosidl_typesupport_introspection_c
[3.638s] -- Using all available rosidl_typesupport_cpp: rosidl_typesupport_fastrtps_cpp;rosidl_typesupport_introspection_cpp
[3.692s] -- Found PythonInterp: /usr/bin/python3 (found suitable version "3.10.12", minimum required is "3.6") 
[3.698s] -- Found python_cmake_module: 0.10.0 (/opt/ros/humble/share/python_cmake_module/cmake)
[3.761s] -- Found PythonLibs: /usr/lib/aarch64-linux-gnu/libpython3.10.so (found suitable version "3.10.12", minimum required is "3.5") 
[3.761s] -- Using PYTHON_EXECUTABLE: /usr/bin/python3
[3.762s] -- Using PYTHON_INCLUDE_DIRS: /usr/include/python3.10
[3.762s] -- Using PYTHON_LIBRARIES: /usr/lib/aarch64-linux-gnu/libpython3.10.so
[3.809s] -- Found PythonExtra: .so  
[3.958s] -- Configuring done
[4.089s] -- Generating done
[4.129s] -- Build files have been written to: /RoboSub_2026/build/turtlesim
[4.156s] Invoked command in '/RoboSub_2026/build/turtlesim' returned '0': CMAKE_PREFIX_PATH=/opt/ros/humble /usr/bin/cmake /RoboSub_2026/src/ros_tutorials/turtlesim -DCMAKE_INSTALL_PREFIX=/RoboSub_2026/install/turtlesim
[4.161s] Invoking command in '/RoboSub_2026/build/turtlesim': CMAKE_PREFIX_PATH=/opt/ros/humble /usr/bin/cmake --build /RoboSub_2026/build/turtlesim -- -j6 -l6
[4.249s] [  1%] [34m[1mGenerating C code for ROS interfaces[0m
[4.270s] [  2%] [34m[1mGenerating C++ code for ROS interfaces[0m
[4.291s] [  2%] Built target ament_cmake_python_copy_turtlesim
[4.801s] running egg_info
[4.803s] creating turtlesim.egg-info
[4.803s] writing turtlesim.egg-info/PKG-INFO
[4.803s] writing dependency_links to turtlesim.egg-info/dependency_links.txt
[4.804s] writing top-level names to turtlesim.egg-info/top_level.txt
[4.804s] writing manifest file 'turtlesim.egg-info/SOURCES.txt'
[4.809s] reading manifest file 'turtlesim.egg-info/SOURCES.txt'
[4.810s] writing manifest file 'turtlesim.egg-info/SOURCES.txt'
[4.881s] [  2%] Built target ament_cmake_python_build_turtlesim_egg
[6.341s] [  4%] [32mBuilding C object CMakeFiles/turtlesim__rosidl_generator_c.dir/rosidl_generator_c/turtlesim/action/detail/rotate_absolute__functions.c.o[0m
[6.341s] [  5%] [32mBuilding C object CMakeFiles/turtlesim__rosidl_generator_c.dir/rosidl_generator_c/turtlesim/msg/detail/pose__functions.c.o[0m
[6.341s] [  5%] [32mBuilding C object CMakeFiles/turtlesim__rosidl_generator_c.dir/rosidl_generator_c/turtlesim/srv/detail/kill__functions.c.o[0m
[6.344s] [  6%] [32mBuilding C object CMakeFiles/turtlesim__rosidl_generator_c.dir/rosidl_generator_c/turtlesim/msg/detail/color__functions.c.o[0m
[6.345s] [  7%] [32mBuilding C object CMakeFiles/turtlesim__rosidl_generator_c.dir/rosidl_generator_c/turtlesim/srv/detail/set_pen__functions.c.o[0m
[6.353s] [  7%] Built target turtlesim__cpp
[6.373s] [  8%] [32mBuilding C object CMakeFiles/turtlesim__rosidl_generator_c.dir/rosidl_generator_c/turtlesim/srv/detail/spawn__functions.c.o[0m
[6.478s] [ 10%] [32mBuilding C object CMakeFiles/turtlesim__rosidl_generator_c.dir/rosidl_generator_c/turtlesim/srv/detail/teleport_relative__functions.c.o[0m
[6.479s] [ 10%] [32mBuilding C object CMakeFiles/turtlesim__rosidl_generator_c.dir/rosidl_generator_c/turtlesim/srv/detail/teleport_absolute__functions.c.o[0m
[6.516s] [ 11%] [34m[1mGenerating C++ type support dispatch for ROS interfaces[0m
[6.527s] [ 12%] [34m[1mGenerating C++ type support for eProsima Fast-RTPS[0m
[6.528s] [ 13%] [34m[1mGenerating C++ introspection for ROS interfaces[0m
[6.675s] [ 14%] [32m[1mLinking C shared library libturtlesim__rosidl_generator_c.so[0m
[6.762s] [ 14%] Built target turtlesim__rosidl_generator_c
[6.783s] [ 15%] [34m[1mGenerating C type support for eProsima Fast-RTPS[0m
[6.784s] [ 17%] [34m[1mGenerating C type support dispatch for ROS interfaces[0m
[6.785s] [ 17%] [34m[1mGenerating C introspection for ROS interfaces[0m
[7.715s] [ 18%] [32mBuilding CXX object CMakeFiles/turtlesim__rosidl_typesupport_cpp.dir/rosidl_typesupport_cpp/turtlesim/action/rotate_absolute__type_support.cpp.o[0m
[7.974s] [ 19%] [32mBuilding CXX object CMakeFiles/turtlesim__rosidl_typesupport_c.dir/rosidl_typesupport_c/turtlesim/action/rotate_absolute__type_support.cpp.o[0m
[8.089s] [ 20%] [32mBuilding CXX object CMakeFiles/turtlesim__rosidl_typesupport_c.dir/rosidl_typesupport_c/turtlesim/msg/color__type_support.cpp.o[0m
[8.174s] [ 22%] [32mBuilding CXX object CMakeFiles/turtlesim__rosidl_typesupport_introspection_cpp.dir/rosidl_typesupport_introspection_cpp/turtlesim/action/detail/rotate_absolute__type_support.cpp.o[0m
[8.175s] [ 22%] [32mBuilding CXX object CMakeFiles/turtlesim__rosidl_typesupport_c.dir/rosidl_typesupport_c/turtlesim/msg/pose__type_support.cpp.o[0m
[8.245s] [ 23%] [32mBuilding CXX object CMakeFiles/turtlesim__rosidl_typesupport_c.dir/rosidl_typesupport_c/turtlesim/srv/kill__type_support.cpp.o[0m
[8.335s] [ 24%] [32mBuilding CXX object CMakeFiles/turtlesim__rosidl_typesupport_c.dir/rosidl_typesupport_c/turtlesim/srv/set_pen__type_support.cpp.o[0m
[8.426s] [ 25%] [32mBuilding CXX object CMakeFiles/turtlesim__rosidl_typesupport_c.dir/rosidl_typesupport_c/turtlesim/srv/spawn__type_support.cpp.o[0m
[8.517s] [ 26%] [32mBuilding CXX object CMakeFiles/turtlesim__rosidl_typesupport_c.dir/rosidl_typesupport_c/turtlesim/srv/teleport_absolute__type_support.cpp.o[0m
[8.610s] [ 27%] [32mBuilding CXX object CMakeFiles/turtlesim__rosidl_typesupport_fastrtps_cpp.dir/rosidl_typesupport_fastrtps_cpp/turtlesim/action/detail/dds_fastrtps/rotate_absolute__type_support.cpp.o[0m
[8.620s] [ 28%] [32mBuilding CXX object CMakeFiles/turtlesim__rosidl_typesupport_c.dir/rosidl_typesupport_c/turtlesim/srv/teleport_relative__type_support.cpp.o[0m
[8.704s] [ 29%] [32m[1mLinking CXX shared library libturtlesim__rosidl_typesupport_c.so[0m
[8.715s] [ 30%] [32mBuilding CXX object CMakeFiles/turtlesim__rosidl_typesupport_fastrtps_c.dir/rosidl_typesupport_fastrtps_c/turtlesim/action/detail/rotate_absolute__type_support_c.cpp.o[0m
[8.814s] [ 31%] [32mBuilding C object CMakeFiles/turtlesim__rosidl_typesupport_introspection_c.dir/rosidl_typesupport_introspection_c/turtlesim/action/detail/rotate_absolute__type_support.c.o[0m
[8.818s] [ 31%] Built target turtlesim__rosidl_typesupport_c
[8.838s] [ 32%] [32mBuilding CXX object CMakeFiles/turtlesim__rosidl_typesupport_fastrtps_cpp.dir/rosidl_typesupport_fastrtps_cpp/turtlesim/msg/detail/dds_fastrtps/color__type_support.cpp.o[0m
[8.902s] [ 33%] [32mBuilding CXX object CMakeFiles/turtlesim__rosidl_typesupport_cpp.dir/rosidl_typesupport_cpp/turtlesim/msg/color__type_support.cpp.o[0m
[8.949s] [ 34%] [32mBuilding C object CMakeFiles/turtlesim__rosidl_typesupport_introspection_c.dir/rosidl_typesupport_introspection_c/turtlesim/msg/detail/color__type_support.c.o[0m
[9.029s] [ 35%] [32mBuilding C object CMakeFiles/turtlesim__rosidl_typesupport_introspection_c.dir/rosidl_typesupport_introspection_c/turtlesim/msg/detail/pose__type_support.c.o[0m
[9.151s] [ 36%] [32mBuilding C object CMakeFiles/turtlesim__rosidl_typesupport_introspection_c.dir/rosidl_typesupport_introspection_c/turtlesim/srv/detail/kill__type_support.c.o[0m
[9.274s] [ 37%] [32mBuilding C object CMakeFiles/turtlesim__rosidl_typesupport_introspection_c.dir/rosidl_typesupport_introspection_c/turtlesim/srv/detail/set_pen__type_support.c.o[0m
[9.447s] [ 38%] [32mBuilding C object CMakeFiles/turtlesim__rosidl_typesupport_introspection_c.dir/rosidl_typesupport_introspection_c/turtlesim/srv/detail/spawn__type_support.c.o[0m
[9.559s] [ 39%] [32mBuilding C object CMakeFiles/turtlesim__rosidl_typesupport_introspection_c.dir/rosidl_typesupport_introspection_c/turtlesim/srv/detail/teleport_absolute__type_support.c.o[0m
[9.568s] [ 40%] [32mBuilding CXX object CMakeFiles/turtlesim__rosidl_typesupport_cpp.dir/rosidl_typesupport_cpp/turtlesim/msg/pose__type_support.cpp.o[0m
[9.640s] [ 41%] [32mBuilding CXX object CMakeFiles/turtlesim__rosidl_typesupport_fastrtps_c.dir/rosidl_typesupport_fastrtps_c/turtlesim/msg/detail/color__type_support_c.cpp.o[0m
[9.681s] [ 42%] [32mBuilding C object CMakeFiles/turtlesim__rosidl_typesupport_introspection_c.dir/rosidl_typesupport_introspection_c/turtlesim/srv/detail/teleport_relative__type_support.c.o[0m
[9.763s] [ 43%] [32mBuilding CXX object CMakeFiles/turtlesim__rosidl_typesupport_introspection_cpp.dir/rosidl_typesupport_introspection_cpp/turtlesim/msg/detail/color__type_support.cpp.o[0m
[9.812s] [ 44%] [32m[1mLinking C shared library libturtlesim__rosidl_typesupport_introspection_c.so[0m
[9.908s] [ 44%] Built target turtlesim__rosidl_typesupport_introspection_c
[9.930s] [ 45%] [32mBuilding CXX object CMakeFiles/turtlesim__rosidl_typesupport_introspection_cpp.dir/rosidl_typesupport_introspection_cpp/turtlesim/msg/detail/pose__type_support.cpp.o[0m
[9.952s] [ 46%] [32mBuilding CXX object CMakeFiles/turtlesim__rosidl_typesupport_fastrtps_cpp.dir/rosidl_typesupport_fastrtps_cpp/turtlesim/msg/detail/dds_fastrtps/pose__type_support.cpp.o[0m
[10.120s] [ 47%] [32mBuilding CXX object CMakeFiles/turtlesim__rosidl_typesupport_fastrtps_cpp.dir/rosidl_typesupport_fastrtps_cpp/turtlesim/srv/detail/dds_fastrtps/kill__type_support.cpp.o[0m
[10.211s] [ 48%] [32mBuilding CXX object CMakeFiles/turtlesim__rosidl_typesupport_cpp.dir/rosidl_typesupport_cpp/turtlesim/srv/kill__type_support.cpp.o[0m
[10.508s] [ 49%] [32mBuilding CXX object CMakeFiles/turtlesim__rosidl_typesupport_fastrtps_c.dir/rosidl_typesupport_fastrtps_c/turtlesim/msg/detail/pose__type_support_c.cpp.o[0m
[10.780s] [ 50%] [32mBuilding CXX object CMakeFiles/turtlesim__rosidl_typesupport_introspection_cpp.dir/rosidl_typesupport_introspection_cpp/turtlesim/srv/detail/kill__type_support.cpp.o[0m
[10.847s] [ 51%] [32mBuilding CXX object CMakeFiles/turtlesim__rosidl_typesupport_cpp.dir/rosidl_typesupport_cpp/turtlesim/srv/set_pen__type_support.cpp.o[0m
[10.906s] [ 52%] [32mBuilding CXX object CMakeFiles/turtlesim__rosidl_typesupport_introspection_cpp.dir/rosidl_typesupport_introspection_cpp/turtlesim/srv/detail/set_pen__type_support.cpp.o[0m
[10.951s] [ 53%] [32mBuilding CXX object CMakeFiles/turtlesim__rosidl_typesupport_fastrtps_cpp.dir/rosidl_typesupport_fastrtps_cpp/turtlesim/srv/detail/dds_fastrtps/set_pen__type_support.cpp.o[0m
[11.218s] [ 54%] [32mBuilding CXX object CMakeFiles/turtlesim__rosidl_typesupport_fastrtps_cpp.dir/rosidl_typesupport_fastrtps_cpp/turtlesim/srv/detail/dds_fastrtps/spawn__type_support.cpp.o[0m
[11.288s] [ 55%] [32mBuilding CXX object CMakeFiles/turtlesim__rosidl_typesupport_fastrtps_c.dir/rosidl_typesupport_fastrtps_c/turtlesim/srv/detail/kill__type_support_c.cpp.o[0m
[11.485s] [ 56%] [32mBuilding CXX object CMakeFiles/turtlesim__rosidl_typesupport_cpp.dir/rosidl_typesupport_cpp/turtlesim/srv/spawn__type_support.cpp.o[0m
[11.781s] [ 57%] [32mBuilding CXX object CMakeFiles/turtlesim__rosidl_typesupport_introspection_cpp.dir/rosidl_typesupport_introspection_cpp/turtlesim/srv/detail/spawn__type_support.cpp.o[0m
[11.856s] [ 58%] [32mBuilding CXX object CMakeFiles/turtlesim__rosidl_typesupport_introspection_cpp.dir/rosidl_typesupport_introspection_cpp/turtlesim/srv/detail/teleport_absolute__type_support.cpp.o[0m
[12.050s] [ 59%] [32mBuilding CXX object CMakeFiles/turtlesim__rosidl_typesupport_fastrtps_cpp.dir/rosidl_typesupport_fastrtps_cpp/turtlesim/srv/detail/dds_fastrtps/teleport_absolute__type_support.cpp.o[0m
[12.120s] [ 60%] [32mBuilding CXX object CMakeFiles/turtlesim__rosidl_typesupport_cpp.dir/rosidl_typesupport_cpp/turtlesim/srv/teleport_absolute__type_support.cpp.o[0m
[12.138s] [ 61%] [32mBuilding CXX object CMakeFiles/turtlesim__rosidl_typesupport_fastrtps_c.dir/rosidl_typesupport_fastrtps_c/turtlesim/srv/detail/set_pen__type_support_c.cpp.o[0m
[12.324s] [ 62%] [32mBuilding CXX object CMakeFiles/turtlesim__rosidl_typesupport_fastrtps_cpp.dir/rosidl_typesupport_fastrtps_cpp/turtlesim/srv/detail/dds_fastrtps/teleport_relative__type_support.cpp.o[0m
[12.748s] [ 63%] [32mBuilding CXX object CMakeFiles/turtlesim__rosidl_typesupport_introspection_cpp.dir/rosidl_typesupport_introspection_cpp/turtlesim/srv/detail/teleport_relative__type_support.cpp.o[0m
[12.763s] [ 64%] [32mBuilding CXX object CMakeFiles/turtlesim__rosidl_typesupport_cpp.dir/rosidl_typesupport_cpp/turtlesim/srv/teleport_relative__type_support.cpp.o[0m
[12.797s] [ 65%] [32mBuilding CXX object CMakeFiles/turtlesim__rosidl_typesupport_fastrtps_c.dir/rosidl_typesupport_fastrtps_c/turtlesim/srv/detail/spawn__type_support_c.cpp.o[0m
[12.954s] [ 66%] [32mBuilding CXX object CMakeFiles/turtlesim__rosidl_typesupport_fastrtps_c.dir/rosidl_typesupport_fastrtps_c/turtlesim/srv/detail/teleport_absolute__type_support_c.cpp.o[0m
[13.164s] [ 67%] [32mBuilding CXX object CMakeFiles/turtlesim__rosidl_typesupport_fastrtps_c.dir/rosidl_typesupport_fastrtps_c/turtlesim/srv/detail/teleport_relative__type_support_c.cpp.o[0m
[13.425s] [ 68%] [32m[1mLinking CXX shared library libturtlesim__rosidl_typesupport_cpp.so[0m
[13.501s] [ 69%] [32m[1mLinking CXX shared library libturtlesim__rosidl_typesupport_fastrtps_cpp.so[0m
[13.532s] [ 69%] Built target turtlesim__rosidl_typesupport_cpp
[13.558s] [ 70%] [34m[1mGenerating include/turtlesim/moc_turtle_frame.cpp[0m
[13.693s] [ 71%] [32m[1mLinking CXX shared library libturtlesim__rosidl_typesupport_introspection_cpp.so[0m
[13.739s] [ 72%] [32mBuilding CXX object CMakeFiles/turtlesim_node.dir/src/turtlesim.cpp.o[0m
[13.749s] [ 72%] Built target turtlesim__rosidl_typesupport_fastrtps_cpp
[13.767s] [ 73%] [32mBuilding CXX object CMakeFiles/turtlesim_node.dir/src/turtle.cpp.o[0m
[13.771s] [ 74%] [32mBuilding CXX object CMakeFiles/turtlesim_node.dir/src/turtle_frame.cpp.o[0m
[13.795s] [ 75%] [32mBuilding CXX object CMakeFiles/turtle_teleop_key.dir/tutorials/teleop_turtle_key.cpp.o[0m
[13.899s] [ 75%] Built target turtlesim__rosidl_typesupport_introspection_cpp
[13.944s] [ 76%] [32mBuilding CXX object CMakeFiles/draw_square.dir/tutorials/draw_square.cpp.o[0m
[14.039s] [ 77%] [32m[1mLinking CXX shared library libturtlesim__rosidl_typesupport_fastrtps_c.so[0m
[14.226s] [ 77%] Built target turtlesim__rosidl_typesupport_fastrtps_c
[14.323s] [ 78%] [32mBuilding CXX object CMakeFiles/mimic.dir/tutorials/mimic.cpp.o[0m
[25.486s] [ 79%] [32mBuilding CXX object CMakeFiles/turtlesim_node.dir/include/turtlesim/moc_turtle_frame.cpp.o[0m
[30.963s] [ 80%] [32m[1mLinking CXX executable turtle_teleop_key[0m
[31.897s] [ 80%] Built target turtle_teleop_key
[31.938s] [ 80%] Built target turtlesim
[31.981s] [ 81%] [34m[1mGenerating Python code for ROS interfaces[0m
[36.111s] [ 81%] Built target turtlesim__py
[36.154s] [ 82%] [32mBuilding C object CMakeFiles/turtlesim__rosidl_generator_py.dir/rosidl_generator_py/turtlesim/action/_rotate_absolute_s.c.o[0m
[36.515s] [ 83%] [32mBuilding C object CMakeFiles/turtlesim__rosidl_generator_py.dir/rosidl_generator_py/turtlesim/msg/_color_s.c.o[0m
[36.744s] [ 84%] [32mBuilding C object CMakeFiles/turtlesim__rosidl_generator_py.dir/rosidl_generator_py/turtlesim/msg/_pose_s.c.o[0m
[36.978s] [ 85%] [32mBuilding C object CMakeFiles/turtlesim__rosidl_generator_py.dir/rosidl_generator_py/turtlesim/srv/_kill_s.c.o[0m
[37.333s] [ 86%] [32mBuilding C object CMakeFiles/turtlesim__rosidl_generator_py.dir/rosidl_generator_py/turtlesim/srv/_set_pen_s.c.o[0m
[37.591s] [ 87%] [32mBuilding C object CMakeFiles/turtlesim__rosidl_generator_py.dir/rosidl_generator_py/turtlesim/srv/_spawn_s.c.o[0m
[37.865s] [ 88%] [32mBuilding C object CMakeFiles/turtlesim__rosidl_generator_py.dir/rosidl_generator_py/turtlesim/srv/_teleport_absolute_s.c.o[0m
[38.123s] [ 89%] [32mBuilding C object CMakeFiles/turtlesim__rosidl_generator_py.dir/rosidl_generator_py/turtlesim/srv/_teleport_relative_s.c.o[0m
[38.266s] [ 90%] [32m[1mLinking CXX executable draw_square[0m
[38.373s] [ 92%] [32m[1mLinking CXX executable mimic[0m
[38.373s] [ 92%] [32m[1mLinking C shared library rosidl_generator_py/turtlesim/libturtlesim__rosidl_generator_py.so[0m
[38.487s] [ 92%] Built target turtlesim__rosidl_generator_py
[38.557s] [ 93%] [32mBuilding C object CMakeFiles/turtlesim__rosidl_typesupport_fastrtps_c__pyext.dir/rosidl_generator_py/turtlesim/_turtlesim_s.ep.rosidl_typesupport_fastrtps_c.c.o[0m
[38.601s] [ 94%] [32mBuilding C object CMakeFiles/turtlesim__rosidl_typesupport_introspection_c__pyext.dir/rosidl_generator_py/turtlesim/_turtlesim_s.ep.rosidl_typesupport_introspection_c.c.o[0m
[39.071s] [ 95%] [32m[1mLinking C shared library rosidl_generator_py/turtlesim/turtlesim_s__rosidl_typesupport_introspection_c.cpython-310-aarch64-linux-gnu.so[0m
[39.085s] [ 96%] [32m[1mLinking C shared library rosidl_generator_py/turtlesim/turtlesim_s__rosidl_typesupport_fastrtps_c.cpython-310-aarch64-linux-gnu.so[0m
[39.171s] [ 96%] Built target turtlesim__rosidl_typesupport_introspection_c__pyext
[39.191s] [ 96%] Built target turtlesim__rosidl_typesupport_fastrtps_c__pyext
[39.211s] [ 97%] [32mBuilding C object CMakeFiles/turtlesim__rosidl_typesupport_c__pyext.dir/rosidl_generator_py/turtlesim/_turtlesim_s.ep.rosidl_typesupport_c.c.o[0m
[39.577s] [ 98%] [32m[1mLinking C shared library rosidl_generator_py/turtlesim/turtlesim_s__rosidl_typesupport_c.cpython-310-aarch64-linux-gnu.so[0m
[39.602s] [ 98%] Built target mimic
[39.671s] [ 98%] Built target turtlesim__rosidl_typesupport_c__pyext
[39.689s] [ 98%] Built target draw_square
[46.971s] [100%] [32m[1mLinking CXX executable turtlesim_node[0m
[51.896s] [100%] Built target turtlesim_node
[51.927s] Invoked command in '/RoboSub_2026/build/turtlesim' returned '0': CMAKE_PREFIX_PATH=/opt/ros/humble /usr/bin/cmake --build /RoboSub_2026/build/turtlesim -- -j6 -l6
[51.951s] Invoking command in '/RoboSub_2026/build/turtlesim': CMAKE_PREFIX_PATH=/opt/ros/humble /usr/bin/cmake --install /RoboSub_2026/build/turtlesim
[51.968s] -- Install configuration: ""
[51.969s] -- Installing: /RoboSub_2026/install/turtlesim/share/ament_index/resource_index/rosidl_interfaces/turtlesim
[51.970s] -- Installing: /RoboSub_2026/install/turtlesim/include/turtlesim/turtlesim
[51.970s] -- Installing: /RoboSub_2026/install/turtlesim/include/turtlesim/turtlesim/msg
[51.970s] -- Installing: /RoboSub_2026/install/turtlesim/include/turtlesim/turtlesim/msg/rosidl_generator_c__visibility_control.h
[51.971s] -- Installing: /RoboSub_2026/install/turtlesim/include/turtlesim/turtlesim/msg/pose.h
[51.971s] -- Installing: /RoboSub_2026/install/turtlesim/include/turtlesim/turtlesim/msg/detail
[51.971s] -- Installing: /RoboSub_2026/install/turtlesim/include/turtlesim/turtlesim/msg/detail/pose__functions.c
[51.971s] -- Installing: /RoboSub_2026/install/turtlesim/include/turtlesim/turtlesim/msg/detail/pose__functions.h
[51.971s] -- Installing: /RoboSub_2026/install/turtlesim/include/turtlesim/turtlesim/msg/detail/color__functions.c
[51.972s] -- Installing: /RoboSub_2026/install/turtlesim/include/turtlesim/turtlesim/msg/detail/pose__struct.h
[51.972s] -- Installing: /RoboSub_2026/install/turtlesim/include/turtlesim/turtlesim/msg/detail/color__functions.h
[51.972s] -- Installing: /RoboSub_2026/install/turtlesim/include/turtlesim/turtlesim/msg/detail/color__struct.h
[51.972s] -- Installing: /RoboSub_2026/install/turtlesim/include/turtlesim/turtlesim/msg/detail/pose__type_support.h
[51.973s] -- Installing: /RoboSub_2026/install/turtlesim/include/turtlesim/turtlesim/msg/detail/color__type_support.h
[51.973s] -- Installing: /RoboSub_2026/install/turtlesim/include/turtlesim/turtlesim/msg/color.h
[51.973s] -- Installing: /RoboSub_2026/install/turtlesim/include/turtlesim/turtlesim/srv
[51.973s] -- Installing: /RoboSub_2026/install/turtlesim/include/turtlesim/turtlesim/srv/spawn.h
[51.973s] -- Installing: /RoboSub_2026/install/turtlesim/include/turtlesim/turtlesim/srv/kill.h
[51.974s] -- Installing: /RoboSub_2026/install/turtlesim/include/turtlesim/turtlesim/srv/detail
[51.974s] -- Installing: /RoboSub_2026/install/turtlesim/include/turtlesim/turtlesim/srv/detail/teleport_absolute__functions.c
[51.974s] -- Installing: /RoboSub_2026/install/turtlesim/include/turtlesim/turtlesim/srv/detail/teleport_relative__type_support.h
[51.974s] -- Installing: /RoboSub_2026/install/turtlesim/include/turtlesim/turtlesim/srv/detail/set_pen__struct.h
[51.975s] -- Installing: /RoboSub_2026/install/turtlesim/include/turtlesim/turtlesim/srv/detail/teleport_absolute__struct.h
[51.975s] -- Installing: /RoboSub_2026/install/turtlesim/include/turtlesim/turtlesim/srv/detail/teleport_relative__functions.h
[51.975s] -- Installing: /RoboSub_2026/install/turtlesim/include/turtlesim/turtlesim/srv/detail/spawn__struct.h
[51.975s] -- Installing: /RoboSub_2026/install/turtlesim/include/turtlesim/turtlesim/srv/detail/set_pen__type_support.h
[51.976s] -- Installing: /RoboSub_2026/install/turtlesim/include/turtlesim/turtlesim/srv/detail/spawn__functions.h
[51.976s] -- Installing: /RoboSub_2026/install/turtlesim/include/turtlesim/turtlesim/srv/detail/teleport_relative__functions.c
[51.976s] -- Installing: /RoboSub_2026/install/turtlesim/include/turtlesim/turtlesim/srv/detail/set_pen__functions.h
[51.976s] -- Installing: /RoboSub_2026/install/turtlesim/include/turtlesim/turtlesim/srv/detail/teleport_relative__struct.h
[51.977s] -- Installing: /RoboSub_2026/install/turtlesim/include/turtlesim/turtlesim/srv/detail/teleport_absolute__type_support.h
[51.977s] -- Installing: /RoboSub_2026/install/turtlesim/include/turtlesim/turtlesim/srv/detail/spawn__type_support.h
[51.977s] -- Installing: /RoboSub_2026/install/turtlesim/include/turtlesim/turtlesim/srv/detail/kill__functions.h
[51.977s] -- Installing: /RoboSub_2026/install/turtlesim/include/turtlesim/turtlesim/srv/detail/kill__type_support.h
[51.978s] -- Installing: /RoboSub_2026/install/turtlesim/include/turtlesim/turtlesim/srv/detail/kill__functions.c
[51.978s] -- Installing: /RoboSub_2026/install/turtlesim/include/turtlesim/turtlesim/srv/detail/teleport_absolute__functions.h
[51.978s] -- Installing: /RoboSub_2026/install/turtlesim/include/turtlesim/turtlesim/srv/detail/set_pen__functions.c
[51.979s] -- Installing: /RoboSub_2026/install/turtlesim/include/turtlesim/turtlesim/srv/detail/spawn__functions.c
[51.979s] -- Installing: /RoboSub_2026/install/turtlesim/include/turtlesim/turtlesim/srv/detail/kill__struct.h
[51.979s] -- Installing: /RoboSub_2026/install/turtlesim/include/turtlesim/turtlesim/srv/set_pen.h
[51.979s] -- Installing: /RoboSub_2026/install/turtlesim/include/turtlesim/turtlesim/srv/teleport_absolute.h
[51.979s] -- Installing: /RoboSub_2026/install/turtlesim/include/turtlesim/turtlesim/srv/teleport_relative.h
[51.980s] -- Installing: /RoboSub_2026/install/turtlesim/include/turtlesim/turtlesim/action
[51.980s] -- Installing: /RoboSub_2026/install/turtlesim/include/turtlesim/turtlesim/action/detail
[51.980s] -- Installing: /RoboSub_2026/install/turtlesim/include/turtlesim/turtlesim/action/detail/rotate_absolute__functions.c
[51.980s] -- Installing: /RoboSub_2026/install/turtlesim/include/turtlesim/turtlesim/action/detail/rotate_absolute__type_support.h
[51.981s] -- Installing: /RoboSub_2026/install/turtlesim/include/turtlesim/turtlesim/action/detail/rotate_absolute__struct.h
[51.981s] -- Installing: /RoboSub_2026/install/turtlesim/include/turtlesim/turtlesim/action/detail/rotate_absolute__functions.h
[51.981s] -- Installing: /RoboSub_2026/install/turtlesim/include/turtlesim/turtlesim/action/rotate_absolute.h
[51.982s] -- Installing: /RoboSub_2026/install/turtlesim/share/turtlesim/environment/library_path.sh
[51.982s] -- Installing: /RoboSub_2026/install/turtlesim/share/turtlesim/environment/library_path.dsv
[51.983s] -- Installing: /RoboSub_2026/install/turtlesim/lib/libturtlesim__rosidl_generator_c.so
[51.984s] -- Set runtime path of "/RoboSub_2026/install/turtlesim/lib/libturtlesim__rosidl_generator_c.so" to ""
[51.984s] -- Up-to-date: /RoboSub_2026/install/turtlesim/include/turtlesim/turtlesim
[51.984s] -- Up-to-date: /RoboSub_2026/install/turtlesim/include/turtlesim/turtlesim/msg
[51.984s] -- Installing: /RoboSub_2026/install/turtlesim/include/turtlesim/turtlesim/msg/rosidl_typesupport_fastrtps_c__visibility_control.h
[51.985s] -- Up-to-date: /RoboSub_2026/install/turtlesim/include/turtlesim/turtlesim/msg/detail
[51.985s] -- Installing: /RoboSub_2026/install/turtlesim/include/turtlesim/turtlesim/msg/detail/pose__rosidl_typesupport_fastrtps_c.h
[51.985s] -- Installing: /RoboSub_2026/install/turtlesim/include/turtlesim/turtlesim/msg/detail/color__rosidl_typesupport_fastrtps_c.h
[51.985s] -- Up-to-date: /RoboSub_2026/install/turtlesim/include/turtlesim/turtlesim/srv
[51.985s] -- Up-to-date: /RoboSub_2026/install/turtlesim/include/turtlesim/turtlesim/srv/detail
[51.986s] -- Installing: /RoboSub_2026/install/turtlesim/include/turtlesim/turtlesim/srv/detail/teleport_absolute__rosidl_typesupport_fastrtps_c.h
[51.986s] -- Installing: /RoboSub_2026/install/turtlesim/include/turtlesim/turtlesim/srv/detail/spawn__rosidl_typesupport_fastrtps_c.h
[51.986s] -- Installing: /RoboSub_2026/install/turtlesim/include/turtlesim/turtlesim/srv/detail/set_pen__rosidl_typesupport_fastrtps_c.h
[51.986s] -- Installing: /RoboSub_2026/install/turtlesim/include/turtlesim/turtlesim/srv/detail/kill__rosidl_typesupport_fastrtps_c.h
[51.986s] -- Installing: /RoboSub_2026/install/turtlesim/include/turtlesim/turtlesim/srv/detail/teleport_relative__rosidl_typesupport_fastrtps_c.h
[51.987s] -- Up-to-date: /RoboSub_2026/install/turtlesim/include/turtlesim/turtlesim/action
[51.987s] -- Up-to-date: /RoboSub_2026/install/turtlesim/include/turtlesim/turtlesim/action/detail
[51.987s] -- Installing: /RoboSub_2026/install/turtlesim/include/turtlesim/turtlesim/action/detail/rotate_absolute__rosidl_typesupport_fastrtps_c.h
[51.987s] -- Installing: /RoboSub_2026/install/turtlesim/lib/libturtlesim__rosidl_typesupport_fastrtps_c.so
[51.989s] -- Set runtime path of "/RoboSub_2026/install/turtlesim/lib/libturtlesim__rosidl_typesupport_fastrtps_c.so" to ""
[51.989s] -- Up-to-date: /RoboSub_2026/install/turtlesim/include/turtlesim/turtlesim
[51.989s] -- Up-to-date: /RoboSub_2026/install/turtlesim/include/turtlesim/turtlesim/msg
[51.990s] -- Installing: /RoboSub_2026/install/turtlesim/include/turtlesim/turtlesim/msg/rosidl_generator_cpp__visibility_control.hpp
[51.990s] -- Up-to-date: /RoboSub_2026/install/turtlesim/include/turtlesim/turtlesim/msg/detail
[51.990s] -- Installing: /RoboSub_2026/install/turtlesim/include/turtlesim/turtlesim/msg/detail/color__struct.hpp
[51.990s] -- Installing: /RoboSub_2026/install/turtlesim/include/turtlesim/turtlesim/msg/detail/pose__traits.hpp
[51.991s] -- Installing: /RoboSub_2026/install/turtlesim/include/turtlesim/turtlesim/msg/detail/color__type_support.hpp
[51.991s] -- Installing: /RoboSub_2026/install/turtlesim/include/turtlesim/turtlesim/msg/detail/pose__type_support.hpp
[51.991s] -- Installing: /RoboSub_2026/install/turtlesim/include/turtlesim/turtlesim/msg/detail/pose__builder.hpp
[51.992s] -- Installing: /RoboSub_2026/install/turtlesim/include/turtlesim/turtlesim/msg/detail/pose__struct.hpp
[51.992s] -- Installing: /RoboSub_2026/install/turtlesim/include/turtlesim/turtlesim/msg/detail/color__builder.hpp
[51.992s] -- Installing: /RoboSub_2026/install/turtlesim/include/turtlesim/turtlesim/msg/detail/color__traits.hpp
[51.992s] -- Installing: /RoboSub_2026/install/turtlesim/include/turtlesim/turtlesim/msg/pose.hpp
[51.993s] -- Installing: /RoboSub_2026/install/turtlesim/include/turtlesim/turtlesim/msg/color.hpp
[51.993s] -- Up-to-date: /RoboSub_2026/install/turtlesim/include/turtlesim/turtlesim/srv
[51.993s] -- Installing: /RoboSub_2026/install/turtlesim/include/turtlesim/turtlesim/srv/kill.hpp
[51.993s] -- Installing: /RoboSub_2026/install/turtlesim/include/turtlesim/turtlesim/srv/teleport_absolute.hpp
[51.993s] -- Up-to-date: /RoboSub_2026/install/turtlesim/include/turtlesim/turtlesim/srv/detail
[51.994s] -- Installing: /RoboSub_2026/install/turtlesim/include/turtlesim/turtlesim/srv/detail/set_pen__type_support.hpp
[51.994s] -- Installing: /RoboSub_2026/install/turtlesim/include/turtlesim/turtlesim/srv/detail/spawn__struct.hpp
[51.994s] -- Installing: /RoboSub_2026/install/turtlesim/include/turtlesim/turtlesim/srv/detail/teleport_absolute__traits.hpp
[51.994s] -- Installing: /RoboSub_2026/install/turtlesim/include/turtlesim/turtlesim/srv/detail/kill__traits.hpp
[51.994s] -- Installing: /RoboSub_2026/install/turtlesim/include/turtlesim/turtlesim/srv/detail/teleport_absolute__struct.hpp
[51.995s] -- Installing: /RoboSub_2026/install/turtlesim/include/turtlesim/turtlesim/srv/detail/set_pen__traits.hpp
[51.995s] -- Installing: /RoboSub_2026/install/turtlesim/include/turtlesim/turtlesim/srv/detail/teleport_relative__type_support.hpp
[51.995s] -- Installing: /RoboSub_2026/install/turtlesim/include/turtlesim/turtlesim/srv/detail/teleport_absolute__builder.hpp
[51.995s] -- Installing: /RoboSub_2026/install/turtlesim/include/turtlesim/turtlesim/srv/detail/spawn__type_support.hpp
[51.995s] -- Installing: /RoboSub_2026/install/turtlesim/include/turtlesim/turtlesim/srv/detail/teleport_absolute__type_support.hpp
[51.996s] -- Installing: /RoboSub_2026/install/turtlesim/include/turtlesim/turtlesim/srv/detail/teleport_relative__struct.hpp
[51.996s] -- Installing: /RoboSub_2026/install/turtlesim/include/turtlesim/turtlesim/srv/detail/spawn__traits.hpp
[51.996s] -- Installing: /RoboSub_2026/install/turtlesim/include/turtlesim/turtlesim/srv/detail/set_pen__struct.hpp
[51.996s] -- Installing: /RoboSub_2026/install/turtlesim/include/turtlesim/turtlesim/srv/detail/kill__builder.hpp
[51.997s] -- Installing: /RoboSub_2026/install/turtlesim/include/turtlesim/turtlesim/srv/detail/teleport_relative__traits.hpp
[51.997s] -- Installing: /RoboSub_2026/install/turtlesim/include/turtlesim/turtlesim/srv/detail/spawn__builder.hpp
[51.997s] -- Installing: /RoboSub_2026/install/turtlesim/include/turtlesim/turtlesim/srv/detail/set_pen__builder.hpp
[51.997s] -- Installing: /RoboSub_2026/install/turtlesim/include/turtlesim/turtlesim/srv/detail/kill__struct.hpp
[51.997s] -- Installing: /RoboSub_2026/install/turtlesim/include/turtlesim/turtlesim/srv/detail/teleport_relative__builder.hpp
[51.998s] -- Installing: /RoboSub_2026/install/turtlesim/include/turtlesim/turtlesim/srv/detail/kill__type_support.hpp
[51.998s] -- Installing: /RoboSub_2026/install/turtlesim/include/turtlesim/turtlesim/srv/spawn.hpp
[51.998s] -- Installing: /RoboSub_2026/install/turtlesim/include/turtlesim/turtlesim/srv/teleport_relative.hpp
[51.998s] -- Installing: /RoboSub_2026/install/turtlesim/include/turtlesim/turtlesim/srv/set_pen.hpp
[51.998s] -- Up-to-date: /RoboSub_2026/install/turtlesim/include/turtlesim/turtlesim/action
[51.999s] -- Installing: /RoboSub_2026/install/turtlesim/include/turtlesim/turtlesim/action/rotate_absolute.hpp
[51.999s] -- Up-to-date: /RoboSub_2026/install/turtlesim/include/turtlesim/turtlesim/action/detail
[51.999s] -- Installing: /RoboSub_2026/install/turtlesim/include/turtlesim/turtlesim/action/detail/rotate_absolute__builder.hpp
[51.999s] -- Installing: /RoboSub_2026/install/turtlesim/include/turtlesim/turtlesim/action/detail/rotate_absolute__type_support.hpp
[51.999s] -- Installing: /RoboSub_2026/install/turtlesim/include/turtlesim/turtlesim/action/detail/rotate_absolute__struct.hpp
[52.000s] -- Installing: /RoboSub_2026/install/turtlesim/include/turtlesim/turtlesim/action/detail/rotate_absolute__traits.hpp
[52.000s] -- Up-to-date: /RoboSub_2026/install/turtlesim/include/turtlesim/turtlesim
[52.000s] -- Up-to-date: /RoboSub_2026/install/turtlesim/include/turtlesim/turtlesim/msg
[52.000s] -- Up-to-date: /RoboSub_2026/install/turtlesim/include/turtlesim/turtlesim/msg/detail
[52.000s] -- Installing: /RoboSub_2026/install/turtlesim/include/turtlesim/turtlesim/msg/detail/pose__rosidl_typesupport_fastrtps_cpp.hpp
[52.001s] -- Installing: /RoboSub_2026/install/turtlesim/include/turtlesim/turtlesim/msg/detail/color__rosidl_typesupport_fastrtps_cpp.hpp
[52.001s] -- Installing: /RoboSub_2026/install/turtlesim/include/turtlesim/turtlesim/msg/detail/dds_fastrtps
[52.001s] -- Installing: /RoboSub_2026/install/turtlesim/include/turtlesim/turtlesim/msg/rosidl_typesupport_fastrtps_cpp__visibility_control.h
[52.001s] -- Up-to-date: /RoboSub_2026/install/turtlesim/include/turtlesim/turtlesim/srv
[52.001s] -- Up-to-date: /RoboSub_2026/install/turtlesim/include/turtlesim/turtlesim/srv/detail
[52.002s] -- Installing: /RoboSub_2026/install/turtlesim/include/turtlesim/turtlesim/srv/detail/spawn__rosidl_typesupport_fastrtps_cpp.hpp
[52.002s] -- Installing: /RoboSub_2026/install/turtlesim/include/turtlesim/turtlesim/srv/detail/teleport_relative__rosidl_typesupport_fastrtps_cpp.hpp
[52.002s] -- Installing: /RoboSub_2026/install/turtlesim/include/turtlesim/turtlesim/srv/detail/set_pen__rosidl_typesupport_fastrtps_cpp.hpp
[52.002s] -- Installing: /RoboSub_2026/install/turtlesim/include/turtlesim/turtlesim/srv/detail/teleport_absolute__rosidl_typesupport_fastrtps_cpp.hpp
[52.002s] -- Installing: /RoboSub_2026/install/turtlesim/include/turtlesim/turtlesim/srv/detail/kill__rosidl_typesupport_fastrtps_cpp.hpp
[52.002s] -- Installing: /RoboSub_2026/install/turtlesim/include/turtlesim/turtlesim/srv/detail/dds_fastrtps
[52.003s] -- Up-to-date: /RoboSub_2026/install/turtlesim/include/turtlesim/turtlesim/action
[52.003s] -- Up-to-date: /RoboSub_2026/install/turtlesim/include/turtlesim/turtlesim/action/detail
[52.003s] -- Installing: /RoboSub_2026/install/turtlesim/include/turtlesim/turtlesim/action/detail/rotate_absolute__rosidl_typesupport_fastrtps_cpp.hpp
[52.003s] -- Installing: /RoboSub_2026/install/turtlesim/include/turtlesim/turtlesim/action/detail/dds_fastrtps
[52.003s] -- Installing: /RoboSub_2026/install/turtlesim/lib/libturtlesim__rosidl_typesupport_fastrtps_cpp.so
[52.004s] -- Set runtime path of "/RoboSub_2026/install/turtlesim/lib/libturtlesim__rosidl_typesupport_fastrtps_cpp.so" to ""
[52.004s] -- Up-to-date: /RoboSub_2026/install/turtlesim/include/turtlesim/turtlesim
[52.004s] -- Up-to-date: /RoboSub_2026/install/turtlesim/include/turtlesim/turtlesim/msg
[52.004s] -- Installing: /RoboSub_2026/install/turtlesim/include/turtlesim/turtlesim/msg/rosidl_typesupport_introspection_c__visibility_control.h
[52.004s] -- Up-to-date: /RoboSub_2026/install/turtlesim/include/turtlesim/turtlesim/msg/detail
[52.005s] -- Installing: /RoboSub_2026/install/turtlesim/include/turtlesim/turtlesim/msg/detail/color__type_support.c
[52.005s] -- Installing: /RoboSub_2026/install/turtlesim/include/turtlesim/turtlesim/msg/detail/pose__type_support.c
[52.005s] -- Installing: /RoboSub_2026/install/turtlesim/include/turtlesim/turtlesim/msg/detail/color__rosidl_typesupport_introspection_c.h
[52.005s] -- Installing: /RoboSub_2026/install/turtlesim/include/turtlesim/turtlesim/msg/detail/pose__rosidl_typesupport_introspection_c.h
[52.005s] -- Up-to-date: /RoboSub_2026/install/turtlesim/include/turtlesim/turtlesim/srv
[52.006s] -- Up-to-date: /RoboSub_2026/install/turtlesim/include/turtlesim/turtlesim/srv/detail
[52.006s] -- Installing: /RoboSub_2026/install/turtlesim/include/turtlesim/turtlesim/srv/detail/teleport_relative__rosidl_typesupport_introspection_c.h
[52.006s] -- Installing: /RoboSub_2026/install/turtlesim/include/turtlesim/turtlesim/srv/detail/spawn__rosidl_typesupport_introspection_c.h
[52.006s] -- Installing: /RoboSub_2026/install/turtlesim/include/turtlesim/turtlesim/srv/detail/kill__rosidl_typesupport_introspection_c.h
[52.006s] -- Installing: /RoboSub_2026/install/turtlesim/include/turtlesim/turtlesim/srv/detail/kill__type_support.c
[52.007s] -- Installing: /RoboSub_2026/install/turtlesim/include/turtlesim/turtlesim/srv/detail/teleport_absolute__type_support.c
[52.007s] -- Installing: /RoboSub_2026/install/turtlesim/include/turtlesim/turtlesim/srv/detail/teleport_absolute__rosidl_typesupport_introspection_c.h
[52.007s] -- Installing: /RoboSub_2026/install/turtlesim/include/turtlesim/turtlesim/srv/detail/set_pen__type_support.c
[52.007s] -- Installing: /RoboSub_2026/install/turtlesim/include/turtlesim/turtlesim/srv/detail/teleport_relative__type_support.c
[52.007s] -- Installing: /RoboSub_2026/install/turtlesim/include/turtlesim/turtlesim/srv/detail/set_pen__rosidl_typesupport_introspection_c.h
[52.007s] -- Installing: /RoboSub_2026/install/turtlesim/include/turtlesim/turtlesim/srv/detail/spawn__type_support.c
[52.008s] -- Up-to-date: /RoboSub_2026/install/turtlesim/include/turtlesim/turtlesim/action
[52.008s] -- Up-to-date: /RoboSub_2026/install/turtlesim/include/turtlesim/turtlesim/action/detail
[52.008s] -- Installing: /RoboSub_2026/install/turtlesim/include/turtlesim/turtlesim/action/detail/rotate_absolute__type_support.c
[52.008s] -- Installing: /RoboSub_2026/install/turtlesim/include/turtlesim/turtlesim/action/detail/rotate_absolute__rosidl_typesupport_introspection_c.h
[52.008s] -- Installing: /RoboSub_2026/install/turtlesim/lib/libturtlesim__rosidl_typesupport_introspection_c.so
[52.008s] -- Set runtime path of "/RoboSub_2026/install/turtlesim/lib/libturtlesim__rosidl_typesupport_introspection_c.so" to ""
[52.009s] -- Installing: /RoboSub_2026/install/turtlesim/lib/libturtlesim__rosidl_typesupport_c.so
[52.009s] -- Set runtime path of "/RoboSub_2026/install/turtlesim/lib/libturtlesim__rosidl_typesupport_c.so" to ""
[52.009s] -- Up-to-date: /RoboSub_2026/install/turtlesim/include/turtlesim/turtlesim
[52.009s] -- Up-to-date: /RoboSub_2026/install/turtlesim/include/turtlesim/turtlesim/msg
[52.009s] -- Up-to-date: /RoboSub_2026/install/turtlesim/include/turtlesim/turtlesim/msg/detail
[52.010s] -- Installing: /RoboSub_2026/install/turtlesim/include/turtlesim/turtlesim/msg/detail/pose__rosidl_typesupport_introspection_cpp.hpp
[52.010s] -- Installing: /RoboSub_2026/install/turtlesim/include/turtlesim/turtlesim/msg/detail/color__type_support.cpp
[52.010s] -- Installing: /RoboSub_2026/install/turtlesim/include/turtlesim/turtlesim/msg/detail/pose__type_support.cpp
[52.011s] -- Installing: /RoboSub_2026/install/turtlesim/include/turtlesim/turtlesim/msg/detail/color__rosidl_typesupport_introspection_cpp.hpp
[52.011s] -- Up-to-date: /RoboSub_2026/install/turtlesim/include/turtlesim/turtlesim/srv
[52.011s] -- Up-to-date: /RoboSub_2026/install/turtlesim/include/turtlesim/turtlesim/srv/detail
[52.011s] -- Installing: /RoboSub_2026/install/turtlesim/include/turtlesim/turtlesim/srv/detail/teleport_absolute__rosidl_typesupport_introspection_cpp.hpp
[52.011s] -- Installing: /RoboSub_2026/install/turtlesim/include/turtlesim/turtlesim/srv/detail/teleport_relative__rosidl_typesupport_introspection_cpp.hpp
[52.012s] -- Installing: /RoboSub_2026/install/turtlesim/include/turtlesim/turtlesim/srv/detail/kill__type_support.cpp
[52.012s] -- Installing: /RoboSub_2026/install/turtlesim/include/turtlesim/turtlesim/srv/detail/kill__rosidl_typesupport_introspection_cpp.hpp
[52.012s] -- Installing: /RoboSub_2026/install/turtlesim/include/turtlesim/turtlesim/srv/detail/teleport_relative__type_support.cpp
[52.012s] -- Installing: /RoboSub_2026/install/turtlesim/include/turtlesim/turtlesim/srv/detail/spawn__type_support.cpp
[52.012s] -- Installing: /RoboSub_2026/install/turtlesim/include/turtlesim/turtlesim/srv/detail/set_pen__rosidl_typesupport_introspection_cpp.hpp
[52.013s] -- Installing: /RoboSub_2026/install/turtlesim/include/turtlesim/turtlesim/srv/detail/set_pen__type_support.cpp
[52.013s] -- Installing: /RoboSub_2026/install/turtlesim/include/turtlesim/turtlesim/srv/detail/teleport_absolute__type_support.cpp
[52.013s] -- Installing: /RoboSub_2026/install/turtlesim/include/turtlesim/turtlesim/srv/detail/spawn__rosidl_typesupport_introspection_cpp.hpp
[52.013s] -- Up-to-date: /RoboSub_2026/install/turtlesim/include/turtlesim/turtlesim/action
[52.013s] -- Up-to-date: /RoboSub_2026/install/turtlesim/include/turtlesim/turtlesim/action/detail
[52.013s] -- Installing: /RoboSub_2026/install/turtlesim/include/turtlesim/turtlesim/action/detail/rotate_absolute__type_support.cpp
[52.014s] -- Installing: /RoboSub_2026/install/turtlesim/include/turtlesim/turtlesim/action/detail/rotate_absolute__rosidl_typesupport_introspection_cpp.hpp
[52.014s] -- Installing: /RoboSub_2026/install/turtlesim/lib/libturtlesim__rosidl_typesupport_introspection_cpp.so
[52.014s] -- Set runtime path of "/RoboSub_2026/install/turtlesim/lib/libturtlesim__rosidl_typesupport_introspection_cpp.so" to ""
[52.014s] -- Installing: /RoboSub_2026/install/turtlesim/lib/libturtlesim__rosidl_typesupport_cpp.so
[52.015s] -- Set runtime path of "/RoboSub_2026/install/turtlesim/lib/libturtlesim__rosidl_typesupport_cpp.so" to ""
[52.015s] -- Installing: /RoboSub_2026/install/turtlesim/share/turtlesim/environment/pythonpath.sh
[52.015s] -- Installing: /RoboSub_2026/install/turtlesim/share/turtlesim/environment/pythonpath.dsv
[52.015s] -- Installing: /RoboSub_2026/install/turtlesim/local/lib/python3.10/dist-packages/turtlesim-1.4.2-py3.10.egg-info
[52.016s] -- Installing: /RoboSub_2026/install/turtlesim/local/lib/python3.10/dist-packages/turtlesim-1.4.2-py3.10.egg-info/SOURCES.txt
[52.016s] -- Installing: /RoboSub_2026/install/turtlesim/local/lib/python3.10/dist-packages/turtlesim-1.4.2-py3.10.egg-info/PKG-INFO
[52.016s] -- Installing: /RoboSub_2026/install/turtlesim/local/lib/python3.10/dist-packages/turtlesim-1.4.2-py3.10.egg-info/dependency_links.txt
[52.017s] -- Installing: /RoboSub_2026/install/turtlesim/local/lib/python3.10/dist-packages/turtlesim-1.4.2-py3.10.egg-info/top_level.txt
[52.017s] -- Installing: /RoboSub_2026/install/turtlesim/local/lib/python3.10/dist-packages/turtlesim
[52.017s] -- Installing: /RoboSub_2026/install/turtlesim/local/lib/python3.10/dist-packages/turtlesim/turtlesim_s__rosidl_typesupport_introspection_c.cpython-310-aarch64-linux-gnu.so
[52.017s] -- Installing: /RoboSub_2026/install/turtlesim/local/lib/python3.10/dist-packages/turtlesim/msg
[52.017s] -- Installing: /RoboSub_2026/install/turtlesim/local/lib/python3.10/dist-packages/turtlesim/msg/_color_s.c
[52.018s] -- Installing: /RoboSub_2026/install/turtlesim/local/lib/python3.10/dist-packages/turtlesim/msg/_color.py
[52.018s] -- Installing: /RoboSub_2026/install/turtlesim/local/lib/python3.10/dist-packages/turtlesim/msg/_pose_s.c
[52.018s] -- Installing: /RoboSub_2026/install/turtlesim/local/lib/python3.10/dist-packages/turtlesim/msg/_pose.py
[52.019s] -- Installing: /RoboSub_2026/install/turtlesim/local/lib/python3.10/dist-packages/turtlesim/msg/__init__.py
[52.019s] -- Installing: /RoboSub_2026/install/turtlesim/local/lib/python3.10/dist-packages/turtlesim/_turtlesim_s.ep.rosidl_typesupport_fastrtps_c.c
[52.019s] -- Installing: /RoboSub_2026/install/turtlesim/local/lib/python3.10/dist-packages/turtlesim/srv
[52.019s] -- Installing: /RoboSub_2026/install/turtlesim/local/lib/python3.10/dist-packages/turtlesim/srv/_spawn.py
[52.021s] -- Installing: /RoboSub_2026/install/turtlesim/local/lib/python3.10/dist-packages/turtlesim/srv/_teleport_absolute.py
[52.021s] -- Installing: /RoboSub_2026/install/turtlesim/local/lib/python3.10/dist-packages/turtlesim/srv/_teleport_relative.py
[52.021s] -- Installing: /RoboSub_2026/install/turtlesim/local/lib/python3.10/dist-packages/turtlesim/srv/_kill.py
[52.022s] -- Installing: /RoboSub_2026/install/turtlesim/local/lib/python3.10/dist-packages/turtlesim/srv/_teleport_absolute_s.c
[52.022s] -- Installing: /RoboSub_2026/install/turtlesim/local/lib/python3.10/dist-packages/turtlesim/srv/_set_pen_s.c
[52.022s] -- Installing: /RoboSub_2026/install/turtlesim/local/lib/python3.10/dist-packages/turtlesim/srv/_teleport_relative_s.c
[52.022s] -- Installing: /RoboSub_2026/install/turtlesim/local/lib/python3.10/dist-packages/turtlesim/srv/_kill_s.c
[52.022s] -- Installing: /RoboSub_2026/install/turtlesim/local/lib/python3.10/dist-packages/turtlesim/srv/_set_pen.py
[52.023s] -- Installing: /RoboSub_2026/install/turtlesim/local/lib/python3.10/dist-packages/turtlesim/srv/__init__.py
[52.023s] -- Installing: /RoboSub_2026/install/turtlesim/local/lib/python3.10/dist-packages/turtlesim/srv/_spawn_s.c
[52.023s] -- Installing: /RoboSub_2026/install/turtlesim/local/lib/python3.10/dist-packages/turtlesim/turtlesim_s__rosidl_typesupport_fastrtps_c.cpython-310-aarch64-linux-gnu.so
[52.023s] -- Installing: /RoboSub_2026/install/turtlesim/local/lib/python3.10/dist-packages/turtlesim/action
[52.023s] -- Installing: /RoboSub_2026/install/turtlesim/local/lib/python3.10/dist-packages/turtlesim/action/_rotate_absolute.py
[52.023s] -- Installing: /RoboSub_2026/install/turtlesim/local/lib/python3.10/dist-packages/turtlesim/action/_rotate_absolute_s.c
[52.024s] -- Installing: /RoboSub_2026/install/turtlesim/local/lib/python3.10/dist-packages/turtlesim/action/__init__.py
[52.024s] -- Installing: /RoboSub_2026/install/turtlesim/local/lib/python3.10/dist-packages/turtlesim/libturtlesim__rosidl_generator_py.so
[52.024s] -- Installing: /RoboSub_2026/install/turtlesim/local/lib/python3.10/dist-packages/turtlesim/_turtlesim_s.ep.rosidl_typesupport_c.c
[52.024s] -- Installing: /RoboSub_2026/install/turtlesim/local/lib/python3.10/dist-packages/turtlesim/__init__.py
[52.024s] -- Installing: /RoboSub_2026/install/turtlesim/local/lib/python3.10/dist-packages/turtlesim/turtlesim_s__rosidl_typesupport_c.cpython-310-aarch64-linux-gnu.so
[52.025s] -- Installing: /RoboSub_2026/install/turtlesim/local/lib/python3.10/dist-packages/turtlesim/_turtlesim_s.ep.rosidl_typesupport_introspection_c.c
[52.127s] Listing '/RoboSub_2026/install/turtlesim/local/lib/python3.10/dist-packages/turtlesim'...
[52.127s] Compiling '/RoboSub_2026/install/turtlesim/local/lib/python3.10/dist-packages/turtlesim/__init__.py'...
[52.128s] Listing '/RoboSub_2026/install/turtlesim/local/lib/python3.10/dist-packages/turtlesim/action'...
[52.128s] Compiling '/RoboSub_2026/install/turtlesim/local/lib/python3.10/dist-packages/turtlesim/action/__init__.py'...
[52.128s] Compiling '/RoboSub_2026/install/turtlesim/local/lib/python3.10/dist-packages/turtlesim/action/_rotate_absolute.py'...
[52.128s] Listing '/RoboSub_2026/install/turtlesim/local/lib/python3.10/dist-packages/turtlesim/msg'...
[52.128s] Compiling '/RoboSub_2026/install/turtlesim/local/lib/python3.10/dist-packages/turtlesim/msg/__init__.py'...
[52.128s] Compiling '/RoboSub_2026/install/turtlesim/local/lib/python3.10/dist-packages/turtlesim/msg/_color.py'...
[52.128s] Compiling '/RoboSub_2026/install/turtlesim/local/lib/python3.10/dist-packages/turtlesim/msg/_pose.py'...
[52.129s] Listing '/RoboSub_2026/install/turtlesim/local/lib/python3.10/dist-packages/turtlesim/srv'...
[52.129s] Compiling '/RoboSub_2026/install/turtlesim/local/lib/python3.10/dist-packages/turtlesim/srv/__init__.py'...
[52.129s] Compiling '/RoboSub_2026/install/turtlesim/local/lib/python3.10/dist-packages/turtlesim/srv/_kill.py'...
[52.129s] Compiling '/RoboSub_2026/install/turtlesim/local/lib/python3.10/dist-packages/turtlesim/srv/_set_pen.py'...
[52.129s] Compiling '/RoboSub_2026/install/turtlesim/local/lib/python3.10/dist-packages/turtlesim/srv/_spawn.py'...
[52.129s] Compiling '/RoboSub_2026/install/turtlesim/local/lib/python3.10/dist-packages/turtlesim/srv/_teleport_absolute.py'...
[52.129s] Compiling '/RoboSub_2026/install/turtlesim/local/lib/python3.10/dist-packages/turtlesim/srv/_teleport_relative.py'...
[52.141s] -- Installing: /RoboSub_2026/install/turtlesim/local/lib/python3.10/dist-packages/turtlesim/turtlesim_s__rosidl_typesupport_fastrtps_c.cpython-310-aarch64-linux-gnu.so
[52.141s] -- Set runtime path of "/RoboSub_2026/install/turtlesim/local/lib/python3.10/dist-packages/turtlesim/turtlesim_s__rosidl_typesupport_fastrtps_c.cpython-310-aarch64-linux-gnu.so" to ""
[52.142s] -- Installing: /RoboSub_2026/install/turtlesim/local/lib/python3.10/dist-packages/turtlesim/turtlesim_s__rosidl_typesupport_introspection_c.cpython-310-aarch64-linux-gnu.so
[52.143s] -- Set runtime path of "/RoboSub_2026/install/turtlesim/local/lib/python3.10/dist-packages/turtlesim/turtlesim_s__rosidl_typesupport_introspection_c.cpython-310-aarch64-linux-gnu.so" to ""
[52.143s] -- Installing: /RoboSub_2026/install/turtlesim/local/lib/python3.10/dist-packages/turtlesim/turtlesim_s__rosidl_typesupport_c.cpython-310-aarch64-linux-gnu.so
[52.144s] -- Set runtime path of "/RoboSub_2026/install/turtlesim/local/lib/python3.10/dist-packages/turtlesim/turtlesim_s__rosidl_typesupport_c.cpython-310-aarch64-linux-gnu.so" to ""
[52.144s] -- Installing: /RoboSub_2026/install/turtlesim/lib/libturtlesim__rosidl_generator_py.so
[52.145s] -- Set runtime path of "/RoboSub_2026/install/turtlesim/lib/libturtlesim__rosidl_generator_py.so" to ""
[52.145s] -- Installing: /RoboSub_2026/install/turtlesim/share/turtlesim/action/RotateAbsolute.idl
[52.145s] -- Installing: /RoboSub_2026/install/turtlesim/share/turtlesim/msg/Color.idl
[52.146s] -- Installing: /RoboSub_2026/install/turtlesim/share/turtlesim/msg/Pose.idl
[52.146s] -- Installing: /RoboSub_2026/install/turtlesim/share/turtlesim/srv/Kill.idl
[52.146s] -- Installing: /RoboSub_2026/install/turtlesim/share/turtlesim/srv/SetPen.idl
[52.147s] -- Installing: /RoboSub_2026/install/turtlesim/share/turtlesim/srv/Spawn.idl
[52.147s] -- Installing: /RoboSub_2026/install/turtlesim/share/turtlesim/srv/TeleportAbsolute.idl
[52.147s] -- Installing: /RoboSub_2026/install/turtlesim/share/turtlesim/srv/TeleportRelative.idl
[52.147s] -- Installing: /RoboSub_2026/install/turtlesim/share/turtlesim/action/RotateAbsolute.action
[52.148s] -- Installing: /RoboSub_2026/install/turtlesim/share/turtlesim/msg/Color.msg
[52.148s] -- Installing: /RoboSub_2026/install/turtlesim/share/turtlesim/msg/Pose.msg
[52.148s] -- Installing: /RoboSub_2026/install/turtlesim/share/turtlesim/srv/Kill.srv
[52.148s] -- Installing: /RoboSub_2026/install/turtlesim/share/turtlesim/srv/Kill_Request.msg
[52.149s] -- Installing: /RoboSub_2026/install/turtlesim/share/turtlesim/srv/Kill_Response.msg
[52.149s] -- Installing: /RoboSub_2026/install/turtlesim/share/turtlesim/srv/SetPen.srv
[52.149s] -- Installing: /RoboSub_2026/install/turtlesim/share/turtlesim/srv/SetPen_Request.msg
[52.149s] -- Installing: /RoboSub_2026/install/turtlesim/share/turtlesim/srv/SetPen_Response.msg
[52.150s] -- Installing: /RoboSub_2026/install/turtlesim/share/turtlesim/srv/Spawn.srv
[52.150s] -- Installing: /RoboSub_2026/install/turtlesim/share/turtlesim/srv/Spawn_Request.msg
[52.150s] -- Installing: /RoboSub_2026/install/turtlesim/share/turtlesim/srv/Spawn_Response.msg
[52.151s] -- Installing: /RoboSub_2026/install/turtlesim/share/turtlesim/srv/TeleportAbsolute.srv
[52.151s] -- Installing: /RoboSub_2026/install/turtlesim/share/turtlesim/srv/TeleportAbsolute_Request.msg
[52.151s] -- Installing: /RoboSub_2026/install/turtlesim/share/turtlesim/srv/TeleportAbsolute_Response.msg
[52.151s] -- Installing: /RoboSub_2026/install/turtlesim/share/turtlesim/srv/TeleportRelative.srv
[52.152s] -- Installing: /RoboSub_2026/install/turtlesim/share/turtlesim/srv/TeleportRelative_Request.msg
[52.152s] -- Installing: /RoboSub_2026/install/turtlesim/share/turtlesim/srv/TeleportRelative_Response.msg
[52.152s] -- Installing: /RoboSub_2026/install/turtlesim/lib/turtlesim/turtlesim_node
[52.177s] -- Set runtime path of "/RoboSub_2026/install/turtlesim/lib/turtlesim/turtlesim_node" to ""
[52.177s] -- Installing: /RoboSub_2026/install/turtlesim/lib/turtlesim/turtle_teleop_key
[52.182s] -- Set runtime path of "/RoboSub_2026/install/turtlesim/lib/turtlesim/turtle_teleop_key" to ""
[52.182s] -- Installing: /RoboSub_2026/install/turtlesim/lib/turtlesim/draw_square
[52.194s] -- Set runtime path of "/RoboSub_2026/install/turtlesim/lib/turtlesim/draw_square" to ""
[52.195s] -- Installing: /RoboSub_2026/install/turtlesim/lib/turtlesim/mimic
[52.205s] -- Set runtime path of "/RoboSub_2026/install/turtlesim/lib/turtlesim/mimic" to ""
[52.205s] -- Installing: /RoboSub_2026/install/turtlesim/share/turtlesim/images
[52.205s] -- Installing: /RoboSub_2026/install/turtlesim/share/turtlesim/images/bouncy.png
[52.205s] -- Installing: /RoboSub_2026/install/turtlesim/share/turtlesim/images/galactic.png
[52.206s] -- Installing: /RoboSub_2026/install/turtlesim/share/turtlesim/images/rolling.png
[52.206s] -- Installing: /RoboSub_2026/install/turtlesim/share/turtlesim/images/eloquent.png
[52.206s] -- Installing: /RoboSub_2026/install/turtlesim/share/turtlesim/images/humble.png
[52.206s] -- Installing: /RoboSub_2026/install/turtlesim/share/turtlesim/images/crystal.png
[52.206s] -- Installing: /RoboSub_2026/install/turtlesim/share/turtlesim/images/foxy.png
[52.206s] -- Installing: /RoboSub_2026/install/turtlesim/share/turtlesim/images/dashing.png
[52.207s] -- Installing: /RoboSub_2026/install/turtlesim/share/turtlesim/images/ardent.png
[52.207s] -- Installing: /RoboSub_2026/install/turtlesim/share/turtlesim/launch
[52.207s] -- Installing: /RoboSub_2026/install/turtlesim/share/turtlesim/launch/multisim.launch.py
[52.207s] -- Installing: /RoboSub_2026/install/turtlesim/share/ament_index/resource_index/package_run_dependencies/turtlesim
[52.208s] -- Installing: /RoboSub_2026/install/turtlesim/share/ament_index/resource_index/parent_prefix_path/turtlesim
[52.208s] -- Installing: /RoboSub_2026/install/turtlesim/share/turtlesim/environment/ament_prefix_path.sh
[52.208s] -- Installing: /RoboSub_2026/install/turtlesim/share/turtlesim/environment/ament_prefix_path.dsv
[52.209s] -- Installing: /RoboSub_2026/install/turtlesim/share/turtlesim/environment/path.sh
[52.209s] -- Installing: /RoboSub_2026/install/turtlesim/share/turtlesim/environment/path.dsv
[52.209s] -- Installing: /RoboSub_2026/install/turtlesim/share/turtlesim/local_setup.bash
[52.209s] -- Installing: /RoboSub_2026/install/turtlesim/share/turtlesim/local_setup.sh
[52.210s] -- Installing: /RoboSub_2026/install/turtlesim/share/turtlesim/local_setup.zsh
[52.211s] -- Installing: /RoboSub_2026/install/turtlesim/share/turtlesim/local_setup.dsv
[52.211s] -- Installing: /RoboSub_2026/install/turtlesim/share/turtlesim/package.dsv
[52.211s] -- Installing: /RoboSub_2026/install/turtlesim/share/ament_index/resource_index/packages/turtlesim
[52.211s] -- Installing: /RoboSub_2026/install/turtlesim/share/turtlesim/cmake/export_turtlesim__rosidl_generator_cExport.cmake
[52.211s] -- Installing: /RoboSub_2026/install/turtlesim/share/turtlesim/cmake/export_turtlesim__rosidl_generator_cExport-noconfig.cmake
[52.211s] -- Installing: /RoboSub_2026/install/turtlesim/share/turtlesim/cmake/export_turtlesim__rosidl_typesupport_fastrtps_cExport.cmake
[52.212s] -- Installing: /RoboSub_2026/install/turtlesim/share/turtlesim/cmake/export_turtlesim__rosidl_typesupport_fastrtps_cExport-noconfig.cmake
[52.212s] -- Installing: /RoboSub_2026/install/turtlesim/share/turtlesim/cmake/export_turtlesim__rosidl_generator_cppExport.cmake
[52.212s] -- Installing: /RoboSub_2026/install/turtlesim/share/turtlesim/cmake/export_turtlesim__rosidl_typesupport_fastrtps_cppExport.cmake
[52.213s] -- Installing: /RoboSub_2026/install/turtlesim/share/turtlesim/cmake/export_turtlesim__rosidl_typesupport_fastrtps_cppExport-noconfig.cmake
[52.213s] -- Installing: /RoboSub_2026/install/turtlesim/share/turtlesim/cmake/turtlesim__rosidl_typesupport_introspection_cExport.cmake
[52.213s] -- Installing: /RoboSub_2026/install/turtlesim/share/turtlesim/cmake/turtlesim__rosidl_typesupport_introspection_cExport-noconfig.cmake
[52.213s] -- Installing: /RoboSub_2026/install/turtlesim/share/turtlesim/cmake/turtlesim__rosidl_typesupport_cExport.cmake
[52.214s] -- Installing: /RoboSub_2026/install/turtlesim/share/turtlesim/cmake/turtlesim__rosidl_typesupport_cExport-noconfig.cmake
[52.214s] -- Installing: /RoboSub_2026/install/turtlesim/share/turtlesim/cmake/turtlesim__rosidl_typesupport_introspection_cppExport.cmake
[52.214s] -- Installing: /RoboSub_2026/install/turtlesim/share/turtlesim/cmake/turtlesim__rosidl_typesupport_introspection_cppExport-noconfig.cmake
[52.215s] -- Installing: /RoboSub_2026/install/turtlesim/share/turtlesim/cmake/turtlesim__rosidl_typesupport_cppExport.cmake
[52.215s] -- Installing: /RoboSub_2026/install/turtlesim/share/turtlesim/cmake/turtlesim__rosidl_typesupport_cppExport-noconfig.cmake
[52.215s] -- Installing: /RoboSub_2026/install/turtlesim/share/turtlesim/cmake/export_turtlesim__rosidl_generator_pyExport.cmake
[52.215s] -- Installing: /RoboSub_2026/install/turtlesim/share/turtlesim/cmake/export_turtlesim__rosidl_generator_pyExport-noconfig.cmake
[52.216s] -- Installing: /RoboSub_2026/install/turtlesim/share/turtlesim/cmake/rosidl_cmake-extras.cmake
[52.216s] -- Installing: /RoboSub_2026/install/turtlesim/share/turtlesim/cmake/ament_cmake_export_dependencies-extras.cmake
[52.217s] -- Installing: /RoboSub_2026/install/turtlesim/share/turtlesim/cmake/ament_cmake_export_include_directories-extras.cmake
[52.217s] -- Installing: /RoboSub_2026/install/turtlesim/share/turtlesim/cmake/ament_cmake_export_libraries-extras.cmake
[52.217s] -- Installing: /RoboSub_2026/install/turtlesim/share/turtlesim/cmake/ament_cmake_export_targets-extras.cmake
[52.217s] -- Installing: /RoboSub_2026/install/turtlesim/share/turtlesim/cmake/rosidl_cmake_export_typesupport_targets-extras.cmake
[52.217s] -- Installing: /RoboSub_2026/install/turtlesim/share/turtlesim/cmake/rosidl_cmake_export_typesupport_libraries-extras.cmake
[52.218s] -- Installing: /RoboSub_2026/install/turtlesim/share/turtlesim/cmake/turtlesimConfig.cmake
[52.218s] -- Installing: /RoboSub_2026/install/turtlesim/share/turtlesim/cmake/turtlesimConfig-version.cmake
[52.218s] -- Installing: /RoboSub_2026/install/turtlesim/share/turtlesim/package.xml
[52.223s] Invoked command in '/RoboSub_2026/build/turtlesim' returned '0': CMAKE_PREFIX_PATH=/opt/ros/humble /usr/bin/cmake --install /RoboSub_2026/build/turtlesim
