[0.022s] Invoking command in '/RoboSub_2026/build/mpu6500_ros': CMAKE_PREFIX_PATH=${CMAKE_PREFIX_PATH}:/opt/ros/humble /usr/bin/cmake --build /RoboSub_2026/build/mpu6500_ros -- -j6 -l6
[0.109s] [35m[1mConsolidate compiler generated dependencies of target mpu6500_publisher[0m
[0.147s] [ 25%] [32mBuilding C object CMakeFiles/mpu6500_publisher.dir/RoboSub_2026/src/mpu6500_driver/src/driver_mpu6500_interface.c.o[0m
[0.148s] [ 50%] [32mBuilding CXX object CMakeFiles/mpu6500_publisher.dir/src/mpu6500_publisher.cpp.o[0m
[10.483s] [ 75%] [32m[1mLinking CXX executable mpu6500_publisher[0m
[10.930s] [100%] Built target mpu6500_publisher
[10.954s] Invoked command in '/RoboSub_2026/build/mpu6500_ros' returned '0': CMAKE_PREFIX_PATH=${CMAKE_PREFIX_PATH}:/opt/ros/humble /usr/bin/cmake --build /RoboSub_2026/build/mpu6500_ros -- -j6 -l6
[10.976s] Invoking command in '/RoboSub_2026/build/mpu6500_ros': CMAKE_PREFIX_PATH=${CMAKE_PREFIX_PATH}:/opt/ros/humble /usr/bin/cmake --install /RoboSub_2026/build/mpu6500_ros
[10.992s] -- Install configuration: ""
[10.993s] -- Installing: /RoboSub_2026/install/mpu6500_ros/lib/mpu6500_ros/mpu6500_publisher
[10.997s] -- Set runtime path of "/RoboSub_2026/install/mpu6500_ros/lib/mpu6500_ros/mpu6500_publisher" to ""
[10.997s] -- Installing: /RoboSub_2026/install/mpu6500_ros/share/mpu6500_ros//launch
[10.997s] -- Installing: /RoboSub_2026/install/mpu6500_ros/share/mpu6500_ros//launch/mpu6500_launch.py
[10.997s] -- Installing: /RoboSub_2026/install/mpu6500_ros/share/ament_index/resource_index/package_run_dependencies/mpu6500_ros
[10.998s] -- Installing: /RoboSub_2026/install/mpu6500_ros/share/ament_index/resource_index/parent_prefix_path/mpu6500_ros
[10.998s] -- Installing: /RoboSub_2026/install/mpu6500_ros/share/mpu6500_ros/environment/ament_prefix_path.sh
[10.998s] -- Installing: /RoboSub_2026/install/mpu6500_ros/share/mpu6500_ros/environment/ament_prefix_path.dsv
[10.999s] -- Installing: /RoboSub_2026/install/mpu6500_ros/share/mpu6500_ros/environment/path.sh
[10.999s] -- Installing: /RoboSub_2026/install/mpu6500_ros/share/mpu6500_ros/environment/path.dsv
[10.999s] -- Installing: /RoboSub_2026/install/mpu6500_ros/share/mpu6500_ros/local_setup.bash
[10.999s] -- Installing: /RoboSub_2026/install/mpu6500_ros/share/mpu6500_ros/local_setup.sh
[11.000s] -- Installing: /RoboSub_2026/install/mpu6500_ros/share/mpu6500_ros/local_setup.zsh
[11.000s] -- Installing: /RoboSub_2026/install/mpu6500_ros/share/mpu6500_ros/local_setup.dsv
[11.000s] -- Installing: /RoboSub_2026/install/mpu6500_ros/share/mpu6500_ros/package.dsv
[11.001s] -- Installing: /RoboSub_2026/install/mpu6500_ros/share/ament_index/resource_index/packages/mpu6500_ros
[11.001s] -- Installing: /RoboSub_2026/install/mpu6500_ros/share/mpu6500_ros/cmake/mpu6500_rosConfig.cmake
[11.001s] -- Installing: /RoboSub_2026/install/mpu6500_ros/share/mpu6500_ros/cmake/mpu6500_rosConfig-version.cmake
[11.001s] -- Installing: /RoboSub_2026/install/mpu6500_ros/share/mpu6500_ros/package.xml
[11.006s] Invoked command in '/RoboSub_2026/build/mpu6500_ros' returned '0': CMAKE_PREFIX_PATH=${CMAKE_PREFIX_PATH}:/opt/ros/humble /usr/bin/cmake --install /RoboSub_2026/build/mpu6500_ros
