[0.026s] Invoking command in '/RoboSub_2026/build/mpu6500_ros': CMAKE_PREFIX_PATH=${CMAKE_PREFIX_PATH}:/opt/ros/humble /usr/bin/cmake --build /RoboSub_2026/build/mpu6500_ros -- -j6 -l6
[0.109s] [35m[1mConsolidate compiler generated dependencies of target mpu6500_publisher[0m
[0.150s] [ 25%] [32mBuilding C object CMakeFiles/mpu6500_publisher.dir/RoboSub_2026/src/mpu6500_driver/src/driver_mpu6500_interface.c.o[0m
[0.300s] [ 50%] [32m[1mLinking CXX executable mpu6500_publisher[0m
[0.708s] [100%] Built target mpu6500_publisher
[0.735s] Invoked command in '/RoboSub_2026/build/mpu6500_ros' returned '0': CMAKE_PREFIX_PATH=${CMAKE_PREFIX_PATH}:/opt/ros/humble /usr/bin/cmake --build /RoboSub_2026/build/mpu6500_ros -- -j6 -l6
[0.756s] Invoking command in '/RoboSub_2026/build/mpu6500_ros': CMAKE_PREFIX_PATH=${CMAKE_PREFIX_PATH}:/opt/ros/humble /usr/bin/cmake --install /RoboSub_2026/build/mpu6500_ros
[0.772s] -- Install configuration: ""
[0.772s] -- Installing: /RoboSub_2026/install/mpu6500_ros/lib/mpu6500_ros/mpu6500_publisher
[0.776s] -- Set runtime path of "/RoboSub_2026/install/mpu6500_ros/lib/mpu6500_ros/mpu6500_publisher" to ""
[0.777s] -- Up-to-date: /RoboSub_2026/install/mpu6500_ros/share/mpu6500_ros//launch
[0.777s] -- Up-to-date: /RoboSub_2026/install/mpu6500_ros/share/mpu6500_ros//launch/mpu6500_launch.py
[0.778s] -- Up-to-date: /RoboSub_2026/install/mpu6500_ros/share/ament_index/resource_index/package_run_dependencies/mpu6500_ros
[0.778s] -- Up-to-date: /RoboSub_2026/install/mpu6500_ros/share/ament_index/resource_index/parent_prefix_path/mpu6500_ros
[0.778s] -- Up-to-date: /RoboSub_2026/install/mpu6500_ros/share/mpu6500_ros/environment/ament_prefix_path.sh
[0.779s] -- Up-to-date: /RoboSub_2026/install/mpu6500_ros/share/mpu6500_ros/environment/ament_prefix_path.dsv
[0.779s] -- Up-to-date: /RoboSub_2026/install/mpu6500_ros/share/mpu6500_ros/environment/path.sh
[0.779s] -- Up-to-date: /RoboSub_2026/install/mpu6500_ros/share/mpu6500_ros/environment/path.dsv
[0.779s] -- Up-to-date: /RoboSub_2026/install/mpu6500_ros/share/mpu6500_ros/local_setup.bash
[0.780s] -- Up-to-date: /RoboSub_2026/install/mpu6500_ros/share/mpu6500_ros/local_setup.sh
[0.780s] -- Up-to-date: /RoboSub_2026/install/mpu6500_ros/share/mpu6500_ros/local_setup.zsh
[0.780s] -- Up-to-date: /RoboSub_2026/install/mpu6500_ros/share/mpu6500_ros/local_setup.dsv
[0.780s] -- Installing: /RoboSub_2026/install/mpu6500_ros/share/mpu6500_ros/package.dsv
[0.781s] -- Up-to-date: /RoboSub_2026/install/mpu6500_ros/share/ament_index/resource_index/packages/mpu6500_ros
[0.782s] -- Up-to-date: /RoboSub_2026/install/mpu6500_ros/share/mpu6500_ros/cmake/mpu6500_rosConfig.cmake
[0.784s] -- Up-to-date: /RoboSub_2026/install/mpu6500_ros/share/mpu6500_ros/cmake/mpu6500_rosConfig-version.cmake
[0.785s] -- Up-to-date: /RoboSub_2026/install/mpu6500_ros/share/mpu6500_ros/package.xml
[0.785s] Invoked command in '/RoboSub_2026/build/mpu6500_ros' returned '0': CMAKE_PREFIX_PATH=${CMAKE_PREFIX_PATH}:/opt/ros/humble /usr/bin/cmake --install /RoboSub_2026/build/mpu6500_ros
