[0.018s] Invoking command in '/RoboSub_2026/build/turtlesim': /usr/bin/cmake /RoboSub_2026/src/ros_tutorials/turtlesim -DCMAKE_INSTALL_PREFIX=/RoboSub_2026/install/turtlesim
[0.187s] -- The C compiler identification is GNU 11.4.0
[0.360s] -- The CXX compiler identification is GNU 11.4.0
[0.387s] -- Detecting C compiler ABI info
[0.518s] -- Detecting C compiler ABI info - done
[0.542s] -- Check for working C compiler: /usr/bin/cc - skipped
[0.543s] -- Detecting C compile features
[0.545s] -- Detecting C compile features - done
[0.558s] -- Detecting CXX compiler ABI info
[0.715s] -- Detecting CXX compiler ABI info - done
[0.741s] -- Check for working CXX compiler: /usr/bin/c++ - skipped
[0.741s] -- Detecting CXX compile features
[0.743s] -- Detecting CXX compile features - done
[0.776s] [31mCMake Error at CMakeLists.txt:12 (find_package):
[0.776s]   By not providing "Findament_cmake.cmake" in CMAKE_MODULE_PATH this project
[0.776s]   has asked CMake to find a package configuration file provided by
[0.777s]   "ament_cmake", but CMake did not find one.
[0.777s] 
[0.777s]   Could not find a package configuration file provided by "ament_cmake" with
[0.777s]   any of the following names:
[0.777s] 
[0.777s]     ament_cmakeConfig.cmake
[0.778s]     ament_cmake-config.cmake
[0.778s] 
[0.778s]   Add the installation prefix of "ament_cmake" to CMAKE_PREFIX_PATH or set
[0.778s]   "ament_cmake_DIR" to a directory containing one of the above files.  If
[0.778s]   "ament_cmake" provides a separate development package or SDK, be sure it
[0.778s]   has been installed.
[0.779s] 
[0.779s] [0m
[0.779s] -- Configuring incomplete, errors occurred!
[0.779s] See also "/RoboSub_2026/build/turtlesim/CMakeFiles/CMakeOutput.log".
[0.786s] Invoked command in '/RoboSub_2026/build/turtlesim' returned '1': /usr/bin/cmake /RoboSub_2026/src/ros_tutorials/turtlesim -DCMAKE_INSTALL_PREFIX=/RoboSub_2026/install/turtlesim
