[0.022s] Invoking command in '/RoboSub_2026/build/mpu6500_ros': CMAKE_PREFIX_PATH=/opt/ros/humble /usr/bin/cmake --build /RoboSub_2026/build/mpu6500_ros -- -j6 -l6
[0.103s] [35m[1mConsolidate compiler generated dependencies of target mpu6500_publisher[0m
[0.142s] [ 25%] [32mBuilding CXX object CMakeFiles/mpu6500_publisher.dir/src/mpu6500_publisher.cpp.o[0m
[10.085s] [ 50%] [32m[1mLinking CXX executable mpu6500_publisher[0m
[10.556s] [100%] Built target mpu6500_publisher
[10.581s] Invoked command in '/RoboSub_2026/build/mpu6500_ros' returned '0': CMAKE_PREFIX_PATH=/opt/ros/humble /usr/bin/cmake --build /RoboSub_2026/build/mpu6500_ros -- -j6 -l6
[10.603s] Invoking command in '/RoboSub_2026/build/mpu6500_ros': CMAKE_PREFIX_PATH=/opt/ros/humble /usr/bin/cmake --install /RoboSub_2026/build/mpu6500_ros
[10.620s] -- Install configuration: ""
[10.623s] -- Installing: /RoboSub_2026/install/mpu6500_ros/lib/mpu6500_ros/mpu6500_publisher
[10.627s] -- Set runtime path of "/RoboSub_2026/install/mpu6500_ros/lib/mpu6500_ros/mpu6500_publisher" to ""
[10.628s] -- Up-to-date: /RoboSub_2026/install/mpu6500_ros/share/mpu6500_ros//launch
[10.629s] -- Up-to-date: /RoboSub_2026/install/mpu6500_ros/share/mpu6500_ros//launch/mpu6500_launch.py
[10.629s] -- Up-to-date: /RoboSub_2026/install/mpu6500_ros/share/ament_index/resource_index/package_run_dependencies/mpu6500_ros
[10.629s] -- Up-to-date: /RoboSub_2026/install/mpu6500_ros/share/ament_index/resource_index/parent_prefix_path/mpu6500_ros
[10.630s] -- Up-to-date: /RoboSub_2026/install/mpu6500_ros/share/mpu6500_ros/environment/ament_prefix_path.sh
[10.630s] -- Up-to-date: /RoboSub_2026/install/mpu6500_ros/share/mpu6500_ros/environment/ament_prefix_path.dsv
[10.630s] -- Up-to-date: /RoboSub_2026/install/mpu6500_ros/share/mpu6500_ros/environment/path.sh
[10.631s] -- Up-to-date: /RoboSub_2026/install/mpu6500_ros/share/mpu6500_ros/environment/path.dsv
[10.631s] -- Up-to-date: /RoboSub_2026/install/mpu6500_ros/share/mpu6500_ros/local_setup.bash
[10.631s] -- Up-to-date: /RoboSub_2026/install/mpu6500_ros/share/mpu6500_ros/local_setup.sh
[10.631s] -- Up-to-date: /RoboSub_2026/install/mpu6500_ros/share/mpu6500_ros/local_setup.zsh
[10.632s] -- Up-to-date: /RoboSub_2026/install/mpu6500_ros/share/mpu6500_ros/local_setup.dsv
[10.632s] -- Installing: /RoboSub_2026/install/mpu6500_ros/share/mpu6500_ros/package.dsv
[10.632s] -- Up-to-date: /RoboSub_2026/install/mpu6500_ros/share/ament_index/resource_index/packages/mpu6500_ros
[10.632s] -- Up-to-date: /RoboSub_2026/install/mpu6500_ros/share/mpu6500_ros/cmake/mpu6500_rosConfig.cmake
[10.633s] -- Up-to-date: /RoboSub_2026/install/mpu6500_ros/share/mpu6500_ros/cmake/mpu6500_rosConfig-version.cmake
[10.633s] -- Up-to-date: /RoboSub_2026/install/mpu6500_ros/share/mpu6500_ros/package.xml
[10.636s] Invoked command in '/RoboSub_2026/build/mpu6500_ros' returned '0': CMAKE_PREFIX_PATH=/opt/ros/humble /usr/bin/cmake --install /RoboSub_2026/build/mpu6500_ros
